2024-09-04 18:05:07,549 [INFO] Activator:176 - 


2024-09-04 18:05:07,553 [INFO] Activator:177 - !SESSION log4j initialized
2024-09-04 18:05:12,572 [INFO] LogOutputStream:77 - [STDOUT_REDIRECT] 
2024-09-04 18:08:40,004 [INFO] ApplicationProperties:184 - Using Application install path: D:\Programs\STM32CubeIDE_1.16.0\STM32CubeIDE\plugins\com.st.stm32cube.common.mx_6.12.0.202406281431
2024-09-04 18:08:40,024 [INFO] DbMcusXml:78 - Set database path to: D:\Programs\STM32CubeIDE_1.16.0\STM32CubeIDE\plugins\com.st.stm32cube.common.mx_6.12.0.202406281431\\db\/mcu/
2024-09-04 18:08:40,024 [INFO] ApiDb:274 - Set plugin database path to: D:\Programs\STM32CubeIDE_1.16.0\STM32CubeIDE\plugins\com.st.stm32cube.common.mx_6.12.0.202406281431\\db\/plugins/boardmanager/
2024-09-04 18:08:40,046 [WARN] ApiDb:259 - Overriding images path with different value:  => D:\Programs\STM32CubeIDE_1.16.0\STM32CubeIDE\plugins\com.st.stm32cube.common.mx_6.12.0.202406281431\\db\/plugins/mcufinder/images/
2024-09-04 18:08:40,046 [INFO] ApiDb:250 - Set database path to: C:\Users\lenovo\.stmcufinder\plugins\mcufinder//mcu/
2024-09-04 18:08:40,046 [INFO] DbMcusAds:125 - Set database path to: C:\Users\lenovo\.stmcufinder\plugins\mcufinder//mcu/
2024-09-04 18:08:40,208 [INFO] CrossReferenceDbSqlite:203 - Set database path to: C:\Users\lenovo\.stmcufinder\plugins\mcufinder//mcu/cs/
2024-09-04 18:08:40,360 [INFO] RulesReader:64 - Compatibility file has been processed (297 Rules)
2024-09-04 18:08:40,527 [INFO] DbMcusXml:78 - Set database path to: D:\Programs\STM32CubeIDE_1.16.0\STM32CubeIDE\plugins\com.st.stm32cube.common.mx_6.12.0.202406281431\\db\/mcu/
2024-09-04 18:08:40,527 [INFO] ApiDb:274 - Set plugin database path to: D:\Programs\STM32CubeIDE_1.16.0\STM32CubeIDE\plugins\com.st.stm32cube.common.mx_6.12.0.202406281431\\db\/plugins/boardmanager/
2024-09-04 18:08:40,527 [INFO] ApiDb:261 - Set plugin images path to: D:\Programs\STM32CubeIDE_1.16.0\STM32CubeIDE\plugins\com.st.stm32cube.common.mx_6.12.0.202406281431\\db\/plugins/mcufinder/images/
2024-09-04 18:08:40,527 [WARN] DbFile:41 - Overriding database path with different value: C:\Users\lenovo\.stmcufinder\plugins\mcufinder/ => C:\Users\lenovo\.stmcufinder\plugins\mcufinder
2024-09-04 18:08:40,527 [INFO] ApiDb:250 - Set database path to: C:\Users\lenovo\.stmcufinder\plugins\mcufinder//mcu/
2024-09-04 18:08:40,527 [WARN] DbFile:41 - Overriding database path with different value: C:\Users\lenovo\.stmcufinder\plugins\mcufinder/ => C:\Users\lenovo\.stmcufinder\plugins\mcufinder
2024-09-04 18:08:40,527 [INFO] DbMcusAds:125 - Set database path to: C:\Users\lenovo\.stmcufinder\plugins\mcufinder//mcu/
2024-09-04 18:08:40,527 [WARN] DbFile:41 - Overriding database path with different value: C:\Users\lenovo\.stmcufinder\plugins\mcufinder/ => C:\Users\lenovo\.stmcufinder\plugins\mcufinder
2024-09-04 18:08:40,527 [WARN] DbFile:41 - Overriding database path with different value: C:\Users\lenovo\.stmcufinder\plugins\mcufinder/ => C:\Users\lenovo\.stmcufinder\plugins\mcufinder
2024-09-04 18:08:40,527 [INFO] CrossReferenceDbSqlite:203 - Set database path to: C:\Users\lenovo\.stmcufinder\plugins\mcufinder//mcu/cs/
2024-09-04 18:08:40,647 [INFO] MainPanel:268 - HeapMemory: 268435456
2024-09-04 18:08:40,727 [INFO] DbMcusXml:78 - Set database path to: D:\Programs\STM32CubeIDE_1.16.0\STM32CubeIDE\plugins\com.st.stm32cube.common.mx_6.12.0.202406281431\\db\/mcu/
2024-09-04 18:08:40,727 [INFO] ApiDb:274 - Set plugin database path to: D:\Programs\STM32CubeIDE_1.16.0\STM32CubeIDE\plugins\com.st.stm32cube.common.mx_6.12.0.202406281431\\db\/plugins/boardmanager/
2024-09-04 18:08:40,727 [INFO] ApiDb:261 - Set plugin images path to: D:\Programs\STM32CubeIDE_1.16.0\STM32CubeIDE\plugins\com.st.stm32cube.common.mx_6.12.0.202406281431\\db\/plugins/mcufinder/images/
2024-09-04 18:08:40,727 [WARN] DbFile:41 - Overriding database path with different value: C:\Users\lenovo\.stmcufinder\plugins\mcufinder/ => C:\Users\lenovo\.stmcufinder\plugins\mcufinder
2024-09-04 18:08:40,737 [INFO] ApiDb:250 - Set database path to: C:\Users\lenovo\.stmcufinder\plugins\mcufinder//mcu/
2024-09-04 18:08:40,737 [WARN] DbFile:41 - Overriding database path with different value: C:\Users\lenovo\.stmcufinder\plugins\mcufinder/ => C:\Users\lenovo\.stmcufinder\plugins\mcufinder
2024-09-04 18:08:40,737 [INFO] DbMcusAds:125 - Set database path to: C:\Users\lenovo\.stmcufinder\plugins\mcufinder//mcu/
2024-09-04 18:08:40,737 [WARN] DbFile:41 - Overriding database path with different value: C:\Users\lenovo\.stmcufinder\plugins\mcufinder/ => C:\Users\lenovo\.stmcufinder\plugins\mcufinder
2024-09-04 18:08:40,737 [WARN] DbFile:41 - Overriding database path with different value: C:\Users\lenovo\.stmcufinder\plugins\mcufinder/ => C:\Users\lenovo\.stmcufinder\plugins\mcufinder
2024-09-04 18:08:40,737 [INFO] CrossReferenceDbSqlite:203 - Set database path to: C:\Users\lenovo\.stmcufinder\plugins\mcufinder//mcu/cs/
2024-09-04 18:08:40,767 [INFO] ApplicationProperties:184 - Using Application install path: D:\Programs\STM32CubeIDE_1.16.0\STM32CubeIDE\plugins\com.st.stm32cube.common.mx_6.12.0.202406281431
2024-09-04 18:08:40,767 [INFO] PluginManage:196 - Search for loadable plugins [exclusion list=, ]
2024-09-04 18:08:40,777 [INFO] PluginManage:310 - Check plugin analytics
2024-09-04 18:08:46,104 [INFO] AnalyticsPlugin:253 - Accepted Software Licenses: STM32CubeMX.6.12.0
2024-09-04 18:08:46,104 [INFO] AnalyticsPlugin:255 - Accepted CMSIS Pack Licenses: 
2024-09-04 18:08:46,105 [INFO] AnalyticsPlugin:257 - Accepted Firmware Licenses: FW.F4.1.28.0
2024-09-04 18:08:46,113 [INFO] PluginManage:359 - Loaded plugin analytics (category:tool,tabindex:-1)
2024-09-04 18:08:46,114 [INFO] PluginManage:310 - Check plugin cadmodel
2024-09-04 18:08:46,118 [INFO] CADModel:105 - Init CAD model plugin
2024-09-04 18:08:46,119 [INFO] PluginManage:359 - Loaded plugin cadmodel (category:power,tabindex:5)
2024-09-04 18:08:46,119 [INFO] PluginManage:310 - Check plugin clock
2024-09-04 18:08:46,130 [INFO] PluginManage:359 - Loaded plugin clock (category:base,tabindex:2)
2024-09-04 18:08:46,130 [INFO] PluginManage:310 - Check plugin ddr
2024-09-04 18:08:46,132 [INFO] PluginManage:359 - Loaded plugin ddr (category:tool,tabindex:6)
2024-09-04 18:08:46,132 [INFO] PluginManage:310 - Check plugin filemanager
2024-09-04 18:08:46,291 [INFO] PluginManage:359 - Loaded plugin filemanager (category:base,tabindex:10)
2024-09-04 18:08:46,291 [INFO] PluginManage:310 - Check plugin ipmanager
2024-09-04 18:08:46,306 [INFO] PluginManage:359 - Loaded plugin ipmanager (category:base,tabindex:5)
2024-09-04 18:08:46,306 [INFO] PluginManage:310 - Check plugin lpbam
2024-09-04 18:08:46,314 [INFO] PluginManage:359 - Loaded plugin lpbam (category:base,tabindex:0)
2024-09-04 18:08:46,314 [INFO] PluginManage:310 - Check plugin memorymap
2024-09-04 18:08:46,335 [INFO] PluginManage:359 - Loaded plugin memorymap (category:base,tabindex:4)
2024-09-04 18:08:46,335 [INFO] PluginManage:310 - Check plugin pinoutandconfiguration
2024-09-04 18:08:46,344 [INFO] PluginManage:359 - Loaded plugin pinoutandconfiguration (category:base,tabindex:1)
2024-09-04 18:08:46,344 [INFO] PluginManage:310 - Check plugin pinoutconfig
2024-09-04 18:08:46,561 [WARN] SupportedApi:132 - Cannot load RTOS API schema: s4s-elt-must-match.1: The content of 'definitions' must match (annotation?, (simpleType | complexType)?, (unique | key | keyref)*)). A problem was found starting at: attribute.
2024-09-04 18:08:46,976 [INFO] PluginManage:359 - Loaded plugin pinoutconfig (category:base,tabindex:0)
2024-09-04 18:08:46,976 [INFO] PluginManage:310 - Check plugin power
2024-09-04 18:08:46,986 [INFO] PluginManage:359 - Loaded plugin power (category:power,tabindex:4)
2024-09-04 18:08:46,987 [INFO] PluginManage:310 - Check plugin projectmanager
2024-09-04 18:08:47,021 [INFO] PluginManage:359 - Loaded plugin projectmanager (category:projectmanager,tabindex:4)
2024-09-04 18:08:47,022 [INFO] PluginManage:310 - Check plugin rif
2024-09-04 18:08:47,042 [INFO] PluginManage:359 - Loaded plugin rif (category:base,tabindex:3)
2024-09-04 18:08:47,043 [INFO] PluginManage:310 - Check plugin thirdparty
2024-09-04 18:08:47,273 [WARN] IntegrityCheckThread:84 - waiting for thirdparty lock release [integrity check]
2024-09-04 18:08:47,274 [INFO] IntegrityCheckThread:86 - entering critical section [integrity check]
2024-09-04 18:08:47,274 [INFO] PluginManage:359 - Loaded plugin thirdparty (category:base,tabindex:-1)
2024-09-04 18:08:47,274 [INFO] PluginManage:310 - Check plugin tools
2024-09-04 18:08:47,274 [INFO] ThirdPartyUpdaterWithRetryManager:70 - Updater plugin not ready yet. [1/15]
2024-09-04 18:08:47,278 [INFO] PluginManage:359 - Loaded plugin tools (category:base,tabindex:7)
2024-09-04 18:08:47,278 [INFO] PluginManage:310 - Check plugin tutovideos
2024-09-04 18:08:47,467 [INFO] PluginManage:359 - Loaded plugin tutovideos (category:base,tabindex:-1)
2024-09-04 18:08:47,467 [INFO] PluginManage:310 - Check plugin updater
2024-09-04 18:08:47,499 [INFO] PluginManage:359 - Loaded plugin updater (category:base,tabindex:12)
2024-09-04 18:08:47,499 [INFO] PluginManage:310 - Check plugin userauth
2024-09-04 18:08:47,504 [INFO] UserAuth:113 - Init User Auth plugin
2024-09-04 18:08:47,505 [INFO] PluginManage:359 - Loaded plugin userauth (category:base,tabindex:14)
2024-09-04 18:08:47,506 [INFO] PluginManage:283 - PluginManage : Loaded plugins [18]
2024-09-04 18:08:48,091 [INFO] PinOutPanel:1561 - setPackage(No Configuration,No Configuration)
2024-09-04 18:08:48,343 [INFO] CADModel:165 - CPN selected for project level
2024-09-04 18:08:48,344 [INFO] CADModel:114 - Register for checkConnection events
2024-09-04 18:08:48,376 [INFO] IPUIPlugin:80 - create IPUIPlugin
2024-09-04 18:08:48,377 [INFO] PluginManager:220 - loadIPPluginJar : add adc
2024-09-04 18:08:48,384 [INFO] IPUIPlugin:80 - create IPUIPlugin
2024-09-04 18:08:48,384 [INFO] PluginManager:220 - loadIPPluginJar : add aes
2024-09-04 18:08:48,392 [INFO] IPUIPlugin:80 - create IPUIPlugin
2024-09-04 18:08:48,392 [INFO] PluginManager:220 - loadIPPluginJar : add can
2024-09-04 18:08:48,398 [INFO] IPUIPlugin:80 - create IPUIPlugin
2024-09-04 18:08:48,398 [INFO] PluginManager:220 - loadIPPluginJar : add comp
2024-09-04 18:08:48,403 [INFO] IPUIPlugin:80 - create IPUIPlugin
2024-09-04 18:08:48,403 [INFO] PluginManager:220 - loadIPPluginJar : add cryp
2024-09-04 18:08:48,409 [INFO] IPUIPlugin:80 - create IPUIPlugin
2024-09-04 18:08:48,409 [INFO] PluginManager:220 - loadIPPluginJar : add ddr_ctrl_phy
2024-09-04 18:08:48,414 [INFO] IPUIPlugin:80 - create IPUIPlugin
2024-09-04 18:08:48,414 [INFO] PluginManager:220 - loadIPPluginJar : add dfsdm
2024-09-04 18:08:48,429 [INFO] IPUIPlugin:80 - create IPUIPlugin
2024-09-04 18:08:48,431 [INFO] PluginManager:220 - loadIPPluginJar : add dma
2024-09-04 18:08:48,441 [INFO] IPUIPlugin:80 - create IPUIPlugin
2024-09-04 18:08:48,454 [INFO] PluginManager:220 - loadIPPluginJar : add dma3
2024-09-04 18:08:48,459 [INFO] IPUIPlugin:80 - create IPUIPlugin
2024-09-04 18:08:48,460 [INFO] PluginManager:220 - loadIPPluginJar : add extmemmanager
2024-09-04 18:08:48,462 [INFO] IPUIPlugin:80 - create IPUIPlugin
2024-09-04 18:08:48,462 [INFO] PluginManager:220 - loadIPPluginJar : add fatfs
2024-09-04 18:08:48,469 [INFO] IPUIPlugin:80 - create IPUIPlugin
2024-09-04 18:08:48,470 [INFO] PluginManager:220 - loadIPPluginJar : add fmc
2024-09-04 18:08:48,500 [INFO] IPUIPlugin:80 - create IPUIPlugin
2024-09-04 18:08:48,500 [INFO] PluginManager:220 - loadIPPluginJar : add freertos
2024-09-04 18:08:48,505 [INFO] IPUIPlugin:80 - create IPUIPlugin
2024-09-04 18:08:48,505 [INFO] PluginManager:220 - loadIPPluginJar : add genericplugin
2024-09-04 18:08:48,509 [INFO] IPUIPlugin:80 - create IPUIPlugin
2024-09-04 18:08:48,509 [INFO] PluginManager:220 - loadIPPluginJar : add gfxmmu
2024-09-04 18:08:48,523 [INFO] IPUIPlugin:80 - create IPUIPlugin
2024-09-04 18:08:48,523 [INFO] PluginManager:220 - loadIPPluginJar : add gic
2024-09-04 18:08:48,529 [INFO] IPUIPlugin:80 - create IPUIPlugin
2024-09-04 18:08:48,530 [INFO] PluginManager:220 - loadIPPluginJar : add gpio
2024-09-04 18:08:48,537 [INFO] IPUIPlugin:80 - create IPUIPlugin
2024-09-04 18:08:48,537 [INFO] PluginManager:220 - loadIPPluginJar : add gtzc
2024-09-04 18:08:48,547 [INFO] IPUIPlugin:80 - create IPUIPlugin
2024-09-04 18:08:48,547 [INFO] PluginManager:220 - loadIPPluginJar : add hash
2024-09-04 18:08:48,552 [INFO] IPUIPlugin:80 - create IPUIPlugin
2024-09-04 18:08:48,553 [INFO] PluginManager:220 - loadIPPluginJar : add i2c
2024-09-04 18:08:48,558 [INFO] IPUIPlugin:80 - create IPUIPlugin
2024-09-04 18:08:48,558 [INFO] PluginManager:220 - loadIPPluginJar : add i2s
2024-09-04 18:08:48,562 [INFO] IPUIPlugin:80 - create IPUIPlugin
2024-09-04 18:08:48,563 [INFO] PluginManager:220 - loadIPPluginJar : add i3c
2024-09-04 18:08:48,569 [INFO] IPUIPlugin:80 - create IPUIPlugin
2024-09-04 18:08:48,569 [INFO] PluginManager:220 - loadIPPluginJar : add ipddr
2024-09-04 18:08:48,580 [INFO] IPUIPlugin:80 - create IPUIPlugin
2024-09-04 18:08:48,581 [INFO] PluginManager:220 - loadIPPluginJar : add linkedlist
2024-09-04 18:08:48,595 [INFO] IPUIPlugin:80 - create IPUIPlugin
2024-09-04 18:08:48,595 [INFO] PluginManager:220 - loadIPPluginJar : add lorawan
2024-09-04 18:08:48,602 [INFO] IPUIPlugin:80 - create IPUIPlugin
2024-09-04 18:08:48,602 [INFO] PluginManager:220 - loadIPPluginJar : add ltdc
2024-09-04 18:08:48,619 [INFO] IPUIPlugin:80 - create IPUIPlugin
2024-09-04 18:08:48,620 [INFO] PluginManager:220 - loadIPPluginJar : add mdma
2024-09-04 18:08:48,625 [INFO] IPUIPlugin:80 - create IPUIPlugin
2024-09-04 18:08:48,625 [INFO] PluginManager:220 - loadIPPluginJar : add nvic
2024-09-04 18:08:48,630 [INFO] IPUIPlugin:80 - create IPUIPlugin
2024-09-04 18:08:48,630 [INFO] PluginManager:220 - loadIPPluginJar : add opamp
2024-09-04 18:08:48,637 [INFO] IPUIPlugin:80 - create IPUIPlugin
2024-09-04 18:08:48,638 [INFO] PluginManager:220 - loadIPPluginJar : add openamp
2024-09-04 18:08:48,648 [INFO] IPUIPlugin:80 - create IPUIPlugin
2024-09-04 18:08:48,648 [INFO] PluginManager:220 - loadIPPluginJar : add pdm2pcm
2024-09-04 18:08:48,655 [INFO] IPUIPlugin:80 - create IPUIPlugin
2024-09-04 18:08:48,662 [INFO] PluginManager:220 - loadIPPluginJar : add plateformsettings
2024-09-04 18:08:48,668 [INFO] IPUIPlugin:80 - create IPUIPlugin
2024-09-04 18:08:48,668 [INFO] PluginManager:220 - loadIPPluginJar : add quadspi
2024-09-04 18:08:48,672 [INFO] IPUIPlugin:80 - create IPUIPlugin
2024-09-04 18:08:48,673 [INFO] PluginManager:220 - loadIPPluginJar : add radio
2024-09-04 18:08:48,682 [INFO] IPUIPlugin:80 - create IPUIPlugin
2024-09-04 18:08:48,682 [INFO] PluginManager:220 - loadIPPluginJar : add resmgrutility
2024-09-04 18:08:48,687 [INFO] IPUIPlugin:80 - create IPUIPlugin
2024-09-04 18:08:48,687 [INFO] PluginManager:220 - loadIPPluginJar : add sai
2024-09-04 18:08:48,692 [INFO] IPUIPlugin:80 - create IPUIPlugin
2024-09-04 18:08:48,693 [INFO] PluginManager:220 - loadIPPluginJar : add spi
2024-09-04 18:08:48,703 [INFO] IPUIPlugin:80 - create IPUIPlugin
2024-09-04 18:08:48,703 [INFO] PluginManager:220 - loadIPPluginJar : add stm32_wpan
2024-09-04 18:08:48,712 [INFO] IPUIPlugin:80 - create IPUIPlugin
2024-09-04 18:08:48,713 [INFO] PluginManager:220 - loadIPPluginJar : add tim
2024-09-04 18:08:48,717 [INFO] IPUIPlugin:80 - create IPUIPlugin
2024-09-04 18:08:48,718 [INFO] PluginManager:220 - loadIPPluginJar : add touchsensing
2024-09-04 18:08:48,720 [INFO] IPUIPlugin:80 - create IPUIPlugin
2024-09-04 18:08:48,721 [INFO] PluginManager:220 - loadIPPluginJar : add tracer_emb
2024-09-04 18:08:48,724 [INFO] IPUIPlugin:80 - create IPUIPlugin
2024-09-04 18:08:48,725 [INFO] PluginManager:220 - loadIPPluginJar : add ts
2024-09-04 18:08:48,734 [INFO] IPUIPlugin:80 - create IPUIPlugin
2024-09-04 18:08:48,735 [INFO] PluginManager:220 - loadIPPluginJar : add tsc
2024-09-04 18:08:48,740 [INFO] IPUIPlugin:80 - create IPUIPlugin
2024-09-04 18:08:48,740 [INFO] PluginManager:220 - loadIPPluginJar : add ucpd
2024-09-04 18:08:48,746 [INFO] IPUIPlugin:80 - create IPUIPlugin
2024-09-04 18:08:48,746 [INFO] PluginManager:220 - loadIPPluginJar : add usart
2024-09-04 18:08:48,754 [INFO] IPUIPlugin:80 - create IPUIPlugin
2024-09-04 18:08:48,755 [INFO] PluginManager:220 - loadIPPluginJar : add usbx
2024-09-04 18:08:48,985 [INFO] CADModel:165 - CPN selected for project level
2024-09-04 18:08:48,986 [INFO] CADModel:114 - Register for checkConnection events
2024-09-04 18:08:48,986 [FATAL] Updater:334 - Updater called before beeing initialized
2024-09-04 18:08:48,987 [ERROR] CADModel:125 - Updater not yet initialized, retry later 
2024-09-04 18:08:49,367 [INFO] CADModel:165 - CPN selected for project level
2024-09-04 18:08:49,367 [INFO] CADModel:114 - Register for checkConnection events
2024-09-04 18:08:49,367 [FATAL] Updater:334 - Updater called before beeing initialized
2024-09-04 18:08:49,368 [ERROR] CADModel:125 - Updater not yet initialized, retry later 
2024-09-04 18:08:49,373 [FATAL] Updater:334 - Updater called before beeing initialized
2024-09-04 18:08:49,620 [FATAL] Updater:334 - Updater called before beeing initialized
2024-09-04 18:08:49,628 [INFO] DbMcusAds:53 - JSON generation date=Thu May 16 12:22:00 EEST 2024 (1715851320667)
2024-09-04 18:08:49,628 [FATAL] Updater:334 - Updater called before beeing initialized
2024-09-04 18:08:49,731 [WARN] DetailPanel:346 - Failed to get advertising image, set to default
2024-09-04 18:08:49,947 [FATAL] Updater:334 - Updater called before beeing initialized
2024-09-04 18:08:49,950 [FATAL] Updater:334 - Updater called before beeing initialized
2024-09-04 18:08:49,950 [FATAL] Updater:334 - Updater called before beeing initialized
2024-09-04 18:08:49,950 [WARN] DetailPanel:346 - Failed to get advertising image, set to default
2024-09-04 18:08:49,952 [FATAL] Updater:334 - Updater called before beeing initialized
2024-09-04 18:08:50,081 [ERROR] Updater:1164 - MainUpdater not yet initialized. External WinMGr cannot be set.
2024-09-04 18:08:50,087 [INFO] Updater:1100 - Updater Version found : 6.12.0
2024-09-04 18:08:50,107 [INFO] ApplicationProperties:184 - Using Application install path: D:\Programs\STM32CubeIDE_1.16.0\STM32CubeIDE\plugins\com.st.stm32cube.common.mx_6.12.0.202406281431
2024-09-04 18:08:50,275 [INFO] ThirdPartyUpdaterWithRetryManager:70 - Updater plugin not ready yet. [2/15]
2024-09-04 18:08:50,812 [INFO] MainUpdater:2873 - connection check result : 10
2024-09-04 18:08:50,813 [INFO] MainUpdater:290 - Updater Check For Update Now.
2024-09-04 18:08:50,813 [INFO] MicroXplorer:498 - Change Database Version : DB.6.0.120
2024-09-04 18:08:50,839 [INFO] McuFinderGlobals:63 - Set McuFinder mode to 2 (CubeIDE integrated)
2024-09-04 18:08:50,840 [INFO] UserAuth:417 - Internet connection configuration mode: 1
2024-09-04 18:08:50,888 [INFO] JxBrowserEngine:152 - Initiate JxBrowser Engine with user profile folder
2024-09-04 18:08:51,054 [INFO] CheckServerUpdateThread:120 - End of CheckServer Thread
2024-09-04 18:08:52,692 [INFO] WebApp:167 - Instantiating new browser for Auth
2024-09-04 18:08:53,551 [WARN] PackLoader:240 - Cannot read IP mode file for STMicroelectronics.FP-SNS-MOTENVWB1.1.4.0
2024-09-04 18:08:53,567 [WARN] PackLoader:240 - Cannot read IP mode file for STMicroelectronics.X-CUBE-SMBUS.2.1.0
2024-09-04 18:08:53,632 [WARN] PackLoader:240 - Cannot read IP mode file for STMicroelectronics.X-CUBE-AZRTOS-F7.1.1.0
2024-09-04 18:08:53,757 [WARN] PackLoader:240 - Cannot read IP mode file for STMicroelectronics.X-CUBE-MEMS1.11.0.0
2024-09-04 18:08:53,987 [WARN] PackLoader:240 - Cannot read IP mode file for STMicroelectronics.FP-SNS-FLIGHT1.5.0.2
2024-09-04 18:08:54,001 [WARN] PackLoader:240 - Cannot read IP mode file for STMicroelectronics.X-CUBE-DISPLAY.3.0.0
2024-09-04 18:08:54,015 [WARN] PackLoader:240 - Cannot read IP mode file for STMicroelectronics.X-CUBE-BLE1.7.0.0
2024-09-04 18:08:54,024 [WARN] PackLoader:240 - Cannot read IP mode file for emotas.I-CUBE-CANOPEN.1.3.0
2024-09-04 18:08:54,043 [WARN] PackLoader:240 - Cannot read IP mode file for STMicroelectronics.X-CUBE-BLEMGR.3.1.0
2024-09-04 18:08:54,056 [WARN] PackLoader:240 - Cannot read IP mode file for STMicroelectronics.FP-SNS-SMARTAG2.1.2.0
2024-09-04 18:08:54,076 [INFO] LogOutputStream:77 - [STDOUT_REDIRECT] 1 : Invalid condition id : UX_CORESTACK_Condition cause : null
2024-09-04 18:08:54,077 [INFO] LogOutputStream:77 - [STDOUT_REDIRECT] 1 : Invalid condition id : UX_CORESTACK_Condition cause : null
2024-09-04 18:08:54,083 [INFO] LogOutputStream:77 - [STDOUT_REDIRECT] 1 : Invalid condition id : UX_CORESTACK_Condition cause : null
2024-09-04 18:08:54,117 [INFO] LogOutputStream:77 - [STDOUT_REDIRECT] 1 : Invalid condition id : UX_CORESTACK_Condition cause : null
2024-09-04 18:08:54,120 [INFO] LogOutputStream:77 - [STDOUT_REDIRECT] 1 : Invalid condition id : UX_CORESTACK_Condition cause : null
2024-09-04 18:08:54,125 [WARN] PackLoader:240 - Cannot read IP mode file for STMicroelectronics.X-CUBE-AZRTOS-WL.2.0.0
2024-09-04 18:08:54,135 [WARN] PackLoader:240 - Cannot read IP mode file for STMicroelectronics.FP-SNS-MOTENV1.5.0.0
2024-09-04 18:08:54,145 [WARN] PackLoader:240 - Cannot read IP mode file for wolfSSL.I-CUBE-wolfMQTT.1.19.0
2024-09-04 18:08:54,162 [WARN] PackLoader:240 - Cannot read IP mode file for WES.I-CUBE-Cesium.1.3.0
2024-09-04 18:08:54,169 [WARN] PackLoader:240 - Cannot read IP mode file for STMicroelectronics.X-CUBE-BLE2.3.3.0
2024-09-04 18:08:54,178 [WARN] PackLoader:240 - Cannot read IP mode file for STMicroelectronics.X-CUBE-TCPP.4.1.0
2024-09-04 18:08:54,210 [WARN] PackLoader:240 - Cannot read IP mode file for STMicroelectronics.X-CUBE-AZRTOS-G0.1.1.0
2024-09-04 18:08:54,221 [WARN] PackLoader:240 - Cannot read IP mode file for STMicroelectronics.X-CUBE-SAFEA1.1.2.2
2024-09-04 18:08:54,231 [WARN] PackLoader:240 - Cannot read IP mode file for STMicroelectronics.X-CUBE-NFC4.3.0.0
2024-09-04 18:08:54,255 [WARN] PackLoader:240 - Cannot read IP mode file for EmbeddedOffice.I-CUBE-FS-RTOS.1.0.1
2024-09-04 18:08:54,256 [ERROR] ConditionMgr:805 - Attr not supported : Dmpu
2024-09-04 18:08:54,256 [ERROR] ConditionMgr:805 - Attr not supported : Dmpu
2024-09-04 18:08:54,256 [ERROR] ConditionMgr:805 - Attr not supported : Dmpu
2024-09-04 18:08:54,256 [ERROR] ConditionMgr:805 - Attr not supported : Dmpu
2024-09-04 18:08:54,256 [ERROR] ConditionMgr:805 - Attr not supported : Dmpu
2024-09-04 18:08:54,256 [ERROR] ConditionMgr:805 - Attr not supported : Dmpu
2024-09-04 18:08:54,257 [ERROR] ConditionMgr:805 - Attr not supported : Dmpu
2024-09-04 18:08:54,257 [ERROR] ConditionMgr:805 - Attr not supported : Dmpu
2024-09-04 18:08:54,257 [ERROR] ConditionMgr:805 - Attr not supported : Dmpu
2024-09-04 18:08:54,257 [ERROR] ConditionMgr:805 - Attr not supported : Dmpu
2024-09-04 18:08:54,257 [ERROR] ConditionMgr:805 - Attr not supported : Dmpu
2024-09-04 18:08:54,257 [ERROR] ConditionMgr:805 - Attr not supported : Dmpu
2024-09-04 18:08:54,257 [ERROR] ConditionMgr:805 - Attr not supported : Dmpu
2024-09-04 18:08:54,257 [ERROR] ConditionMgr:805 - Attr not supported : Dmpu
2024-09-04 18:08:54,258 [ERROR] ConditionMgr:805 - Attr not supported : Dmpu
2024-09-04 18:08:54,258 [ERROR] ConditionMgr:805 - Attr not supported : Dmpu
2024-09-04 18:08:54,258 [ERROR] ConditionMgr:805 - Attr not supported : Dmpu
2024-09-04 18:08:54,258 [ERROR] ConditionMgr:805 - Attr not supported : Dmpu
2024-09-04 18:08:54,258 [ERROR] ConditionMgr:805 - Attr not supported : Dmpu
2024-09-04 18:08:54,258 [ERROR] ConditionMgr:805 - Attr not supported : Dmpu
2024-09-04 18:08:54,258 [ERROR] ConditionMgr:805 - Attr not supported : Dmpu
2024-09-04 18:08:54,259 [ERROR] ConditionMgr:805 - Attr not supported : Dmpu
2024-09-04 18:08:54,259 [ERROR] ConditionMgr:805 - Attr not supported : Dmpu
2024-09-04 18:08:54,259 [ERROR] ConditionMgr:805 - Attr not supported : Dmpu
2024-09-04 18:08:54,259 [ERROR] ConditionMgr:805 - Attr not supported : Dmpu
2024-09-04 18:08:54,259 [ERROR] ConditionMgr:805 - Attr not supported : Dmpu
2024-09-04 18:08:54,259 [ERROR] ConditionMgr:805 - Attr not supported : Dmpu
2024-09-04 18:08:54,259 [ERROR] ConditionMgr:805 - Attr not supported : Dmpu
2024-09-04 18:08:54,260 [ERROR] ConditionMgr:805 - Attr not supported : Dmpu
2024-09-04 18:08:54,260 [ERROR] ConditionMgr:805 - Attr not supported : Dmpu
2024-09-04 18:08:54,260 [ERROR] ConditionMgr:805 - Attr not supported : Dmpu
2024-09-04 18:08:54,260 [ERROR] ConditionMgr:805 - Attr not supported : Dmpu
2024-09-04 18:08:54,260 [ERROR] ConditionMgr:805 - Attr not supported : Dmpu
2024-09-04 18:08:54,260 [ERROR] ConditionMgr:805 - Attr not supported : Dmpu
2024-09-04 18:08:54,260 [ERROR] ConditionMgr:805 - Attr not supported : Dmpu
2024-09-04 18:08:54,260 [ERROR] ConditionMgr:805 - Attr not supported : Dmpu
2024-09-04 18:08:54,261 [ERROR] ConditionMgr:805 - Attr not supported : Dmpu
2024-09-04 18:08:54,261 [ERROR] ConditionMgr:805 - Attr not supported : Dmpu
2024-09-04 18:08:54,261 [ERROR] ConditionMgr:805 - Attr not supported : Dmpu
2024-09-04 18:08:54,261 [ERROR] ConditionMgr:805 - Attr not supported : Dmpu
2024-09-04 18:08:54,261 [ERROR] ConditionMgr:805 - Attr not supported : Dmpu
2024-09-04 18:08:54,261 [ERROR] ConditionMgr:805 - Attr not supported : Dmpu
2024-09-04 18:08:54,262 [ERROR] ConditionMgr:805 - Attr not supported : Dmpu
2024-09-04 18:08:54,262 [ERROR] ConditionMgr:805 - Attr not supported : Dmpu
2024-09-04 18:08:54,262 [ERROR] ConditionMgr:805 - Attr not supported : Dmpu
2024-09-04 18:08:54,262 [ERROR] ConditionMgr:805 - Attr not supported : Dmpu
2024-09-04 18:08:54,262 [ERROR] ConditionMgr:805 - Attr not supported : Dmpu
2024-09-04 18:08:54,262 [ERROR] ConditionMgr:805 - Attr not supported : Dmpu
2024-09-04 18:08:54,262 [ERROR] ConditionMgr:805 - Attr not supported : Dmpu
2024-09-04 18:08:54,263 [ERROR] ConditionMgr:805 - Attr not supported : Dmpu
2024-09-04 18:08:54,263 [ERROR] ConditionMgr:805 - Attr not supported : Dmpu
2024-09-04 18:08:54,263 [ERROR] ConditionMgr:805 - Attr not supported : Dmpu
2024-09-04 18:08:54,263 [ERROR] ConditionMgr:805 - Attr not supported : Dmpu
2024-09-04 18:08:54,263 [ERROR] ConditionMgr:805 - Attr not supported : Dmpu
2024-09-04 18:08:54,264 [ERROR] ConditionMgr:805 - Attr not supported : Dmpu
2024-09-04 18:08:54,264 [ERROR] ConditionMgr:805 - Attr not supported : Dmpu
2024-09-04 18:08:54,264 [ERROR] ConditionMgr:805 - Attr not supported : Dmpu
2024-09-04 18:08:54,264 [ERROR] ConditionMgr:805 - Attr not supported : Dmpu
2024-09-04 18:08:54,264 [ERROR] ConditionMgr:805 - Attr not supported : Dmpu
2024-09-04 18:08:54,265 [ERROR] ConditionMgr:805 - Attr not supported : Dmpu
2024-09-04 18:08:54,265 [ERROR] ConditionMgr:805 - Attr not supported : Dmpu
2024-09-04 18:08:54,265 [ERROR] ConditionMgr:805 - Attr not supported : Dmpu
2024-09-04 18:08:54,265 [ERROR] ConditionMgr:805 - Attr not supported : Dmpu
2024-09-04 18:08:54,265 [ERROR] ConditionMgr:805 - Attr not supported : Dmpu
2024-09-04 18:08:54,274 [WARN] PackLoader:240 - Cannot read IP mode file for RealThread.X-CUBE-RT-Thread_Nano.4.1.1
2024-09-04 18:08:54,279 [WARN] PackLoader:240 - Cannot read IP mode file for STMicroelectronics.FP-ATR-SIGFOX1.3.2.0
2024-09-04 18:08:54,286 [WARN] PackLoader:240 - Cannot read IP mode file for wolfSSL.I-CUBE-wolfSSL.5.7.2
2024-09-04 18:08:54,293 [WARN] PackLoader:240 - Cannot read IP mode file for STMicroelectronics.X-CUBE-EEPRMA1.5.1.0
2024-09-04 18:08:54,303 [WARN] PackLoader:240 - Cannot read IP mode file for ITTIA_DB.I-CUBE-ITTIADB.8.9.0
2024-09-04 18:08:54,347 [WARN] PackLoader:240 - Cannot read IP mode file for SEGGER.I-CUBE-embOS.1.3.1
2024-09-04 18:08:54,427 [WARN] PackLoader:240 - Cannot read IP mode file for STMicroelectronics.X-CUBE-ALGOBUILD.1.4.0
2024-09-04 18:08:54,436 [WARN] PackLoader:240 - Cannot read IP mode file for STMicroelectronics.X-CUBE-GNSS1.6.0.0
2024-09-04 18:08:54,460 [WARN] PackLoader:240 - Cannot read IP mode file for STMicroelectronics.X-CUBE-AZRTOS-F4.1.1.0
2024-09-04 18:08:54,472 [WARN] PackLoader:240 - Cannot read IP mode file for STMicroelectronics.X-CUBE-FREERTOS.1.2.0
2024-09-04 18:08:54,496 [WARN] PackLoader:240 - Cannot read IP mode file for STMicroelectronics.X-CUBE-AZRTOS-L5.2.0.0
2024-09-04 18:08:54,511 [WARN] PackLoader:240 - Cannot read IP mode file for STMicroelectronics.X-CUBE-NFC6.3.1.0
2024-09-04 18:08:54,529 [WARN] PackLoader:240 - Cannot read IP mode file for STMicroelectronics.X-CUBE-DPower.1.2.0
2024-09-04 18:08:54,539 [WARN] PackLoader:240 - Cannot read IP mode file for STMicroelectronics.X-CUBE-AI.9.0.0
2024-09-04 18:08:54,559 [WARN] PackLoader:240 - Cannot read IP mode file for STMicroelectronics.X-CUBE-NFC7.1.0.1
2024-09-04 18:08:54,572 [WARN] PackLoader:240 - Cannot read IP mode file for wolfSSL.I-CUBE-wolfTPM.3.2.0
2024-09-04 18:08:54,610 [WARN] ConditionMgr:438 - getConditionDescription Invalid condition id : LAN8742 Phy interface Condition cause : null
2024-09-04 18:08:54,611 [WARN] PackLoader:240 - Cannot read IP mode file for STMicroelectronics.X-CUBE-AZRTOS-L4.2.0.0
2024-09-04 18:08:54,614 [WARN] ConditionMgr:1039 - genDependencies : Invalid condition id : LAN8742 Phy interface Condition cause : null
2024-09-04 18:08:54,614 [WARN] ConditionMgr:1039 - genDependencies : Invalid condition id : LAN8742 Phy interface Condition cause : null
2024-09-04 18:08:54,616 [WARN] ConditionMgr:1039 - genDependencies : Invalid condition id : LAN8742 Phy interface Condition cause : null
2024-09-04 18:08:54,637 [WARN] PackLoader:240 - Cannot read IP mode file for STMicroelectronics.X-CUBE-SFXS2LP1.4.0.0
2024-09-04 18:08:54,687 [WARN] PackLoader:240 - Cannot read IP mode file for STMicroelectronics.X-CUBE-AZRTOS-H7.3.3.0
2024-09-04 18:08:54,720 [WARN] ConditionMgr:438 - getConditionDescription Invalid condition id : UX DEVICE CLASS RTOS Condition cause : null
2024-09-04 18:08:54,721 [WARN] ConditionMgr:438 - getConditionDescription Invalid condition id : UX DEVICE CLASS RTOS Condition cause : null
2024-09-04 18:08:54,724 [WARN] PackLoader:240 - Cannot read IP mode file for STMicroelectronics.X-CUBE-AZRTOS-WB.2.0.0
2024-09-04 18:08:54,725 [WARN] ConditionMgr:1039 - genDependencies : Invalid condition id : UX DEVICE CLASS RTOS Condition cause : null
2024-09-04 18:08:54,725 [WARN] ConditionMgr:1039 - genDependencies : Invalid condition id : UX DEVICE CLASS RTOS Condition cause : null
2024-09-04 18:08:54,726 [WARN] ConditionMgr:1039 - genDependencies : Invalid condition id : UX DEVICE CLASS RTOS Condition cause : null
2024-09-04 18:08:54,726 [WARN] ConditionMgr:1039 - genDependencies : Invalid condition id : UX DEVICE CLASS RTOS Condition cause : null
2024-09-04 18:08:54,726 [WARN] ConditionMgr:1039 - genDependencies : Invalid condition id : UX DEVICE CLASS RTOS Condition cause : null
2024-09-04 18:08:54,743 [WARN] PackLoader:240 - Cannot read IP mode file for STMicroelectronics.FP-SNS-STBOX1.2.0.0
2024-09-04 18:08:54,805 [WARN] PackLoader:240 - Cannot read IP mode file for STMicroelectronics.X-CUBE-SUBG2.5.0.0
2024-09-04 18:08:54,820 [WARN] PackLoader:240 - Cannot read IP mode file for Cesanta.I-CUBE-Mongoose.7.13.0
2024-09-04 18:08:54,852 [WARN] PackLoader:240 - Cannot read IP mode file for STMicroelectronics.X-CUBE-AZRTOS-G4.2.0.0
2024-09-04 18:08:54,878 [WARN] PackLoader:240 - Cannot read IP mode file for STMicroelectronics.X-CUBE-ISPU.2.0.0
2024-09-04 18:08:54,930 [WARN] PackLoader:240 - Cannot read IP mode file for STMicroelectronics.X-CUBE-ALS.1.0.2
2024-09-04 18:08:55,005 [WARN] PackLoader:240 - Cannot read IP mode file for STMicroelectronics.X-CUBE-TOUCHGFX.4.24.0
2024-09-04 18:08:55,014 [WARN] PackLoader:240 - Cannot read IP mode file for portGmbH.I-Cube-SoM-uGOAL.1.1.0
2024-09-04 18:08:55,045 [WARN] PackLoader:240 - Cannot read IP mode file for STMicroelectronics.X-CUBE-AZRTOS-H7RS.1.0.0
2024-09-04 18:08:55,057 [WARN] PackLoader:240 - Cannot read IP mode file for STMicroelectronics.FP-ATR-ASTRA1.2.0.0
2024-09-04 18:08:55,074 [WARN] PackLoader:240 - Cannot read IP mode file for STMicroelectronics.X-CUBE-TOF1.3.4.2
2024-09-04 18:08:55,121 [WARN] PackLoader:240 - Cannot read IP mode file for Infineon.AIROC-Wi-Fi-Bluetooth-STM32.1.6.1
2024-09-04 18:08:55,135 [WARN] PackLoader:240 - Cannot read IP mode file for wolfSSL.I-CUBE-wolfSSH.1.4.17
2024-09-04 18:08:55,136 [INFO] ThirdParty:978 - Integrity check success = true
2024-09-04 18:08:55,136 [INFO] IntegrityCheckThread:100 - exiting critical section [integrity check]
2024-09-04 18:08:55,136 [INFO] IntegrityCheckThread:103 - End integrity checks thread
2024-09-04 18:08:55,442 [INFO] WebApp:448 - Apply proxy settings
2024-09-04 18:08:55,443 [INFO] WebApp:533 - Chromium requires no authentication
2024-09-04 18:08:55,461 [INFO] WebApp:476 - Direct internet connection detected
2024-09-04 18:08:55,552 [INFO] WebApp:869 - Register for checkConnection events
2024-09-04 18:08:55,553 [INFO] WebApp:448 - Apply proxy settings
2024-09-04 18:08:55,553 [INFO] WebApp:533 - Chromium requires no authentication
2024-09-04 18:08:55,554 [INFO] WebApp:476 - Direct internet connection detected
2024-09-04 18:08:55,738 [INFO] WebApp:220 - Starting web application
2024-09-04 18:08:55,738 [INFO] WebApp:578 - Web application path used D:\Programs\STM32CubeIDE_1.16.0\STM32CubeIDE\plugins\com.st.stm32cube.common.mx_6.12.0.202406281431\db\plugins\mcufinder\reactClient1\index.html
2024-09-04 18:08:55,907 [INFO] UserAuth:417 - Internet connection configuration mode: 1
2024-09-04 18:08:56,542 [INFO] WebApp:186 - Connection restablished
