2024-09-05 20:03:10,354 [INFO] Activator:176 - 


2024-09-05 20:03:10,360 [INFO] Activator:177 - !SESSION log4j initialized
2024-09-05 20:03:17,064 [INFO] LogOutputStream:77 - [STDOUT_REDIRECT] 
2024-09-05 20:03:25,468 [INFO] ApplicationProperties:184 - Using Application install path: D:\Programs\STM32CubeIDE_1.16.0\STM32CubeIDE\plugins\com.st.stm32cube.common.mx_6.12.0.202406281431
2024-09-05 20:03:25,514 [INFO] DbMcusXml:78 - Set database path to: D:\Programs\STM32CubeIDE_1.16.0\STM32CubeIDE\plugins\com.st.stm32cube.common.mx_6.12.0.202406281431\\db\/mcu/
2024-09-05 20:03:25,515 [INFO] ApiDb:274 - Set plugin database path to: D:\Programs\STM32CubeIDE_1.16.0\STM32CubeIDE\plugins\com.st.stm32cube.common.mx_6.12.0.202406281431\\db\/plugins/boardmanager/
2024-09-05 20:03:25,516 [WARN] ApiDb:259 - Overriding images path with different value:  => D:\Programs\STM32CubeIDE_1.16.0\STM32CubeIDE\plugins\com.st.stm32cube.common.mx_6.12.0.202406281431\\db\/plugins/mcufinder/images/
2024-09-05 20:03:25,555 [INFO] ApiDb:250 - Set database path to: C:\Users\lenovo\.stmcufinder\plugins\mcufinder//mcu/
2024-09-05 20:03:25,557 [INFO] DbMcusAds:125 - Set database path to: C:\Users\lenovo\.stmcufinder\plugins\mcufinder//mcu/
2024-09-05 20:03:25,560 [INFO] CrossReferenceDbSqlite:203 - Set database path to: C:\Users\lenovo\.stmcufinder\plugins\mcufinder//mcu/cs/
2024-09-05 20:03:25,810 [INFO] RulesReader:64 - Compatibility file has been processed (297 Rules)
2024-09-05 20:03:26,052 [INFO] DbMcusXml:78 - Set database path to: D:\Programs\STM32CubeIDE_1.16.0\STM32CubeIDE\plugins\com.st.stm32cube.common.mx_6.12.0.202406281431\\db\/mcu/
2024-09-05 20:03:26,053 [INFO] ApiDb:274 - Set plugin database path to: D:\Programs\STM32CubeIDE_1.16.0\STM32CubeIDE\plugins\com.st.stm32cube.common.mx_6.12.0.202406281431\\db\/plugins/boardmanager/
2024-09-05 20:03:26,053 [INFO] ApiDb:261 - Set plugin images path to: D:\Programs\STM32CubeIDE_1.16.0\STM32CubeIDE\plugins\com.st.stm32cube.common.mx_6.12.0.202406281431\\db\/plugins/mcufinder/images/
2024-09-05 20:03:26,053 [WARN] DbFile:41 - Overriding database path with different value: C:\Users\lenovo\.stmcufinder\plugins\mcufinder/ => C:\Users\lenovo\.stmcufinder\plugins\mcufinder
2024-09-05 20:03:26,053 [INFO] ApiDb:250 - Set database path to: C:\Users\lenovo\.stmcufinder\plugins\mcufinder//mcu/
2024-09-05 20:03:26,053 [WARN] DbFile:41 - Overriding database path with different value: C:\Users\lenovo\.stmcufinder\plugins\mcufinder/ => C:\Users\lenovo\.stmcufinder\plugins\mcufinder
2024-09-05 20:03:26,054 [INFO] DbMcusAds:125 - Set database path to: C:\Users\lenovo\.stmcufinder\plugins\mcufinder//mcu/
2024-09-05 20:03:26,054 [WARN] DbFile:41 - Overriding database path with different value: C:\Users\lenovo\.stmcufinder\plugins\mcufinder/ => C:\Users\lenovo\.stmcufinder\plugins\mcufinder
2024-09-05 20:03:26,054 [WARN] DbFile:41 - Overriding database path with different value: C:\Users\lenovo\.stmcufinder\plugins\mcufinder/ => C:\Users\lenovo\.stmcufinder\plugins\mcufinder
2024-09-05 20:03:26,054 [INFO] CrossReferenceDbSqlite:203 - Set database path to: C:\Users\lenovo\.stmcufinder\plugins\mcufinder//mcu/cs/
2024-09-05 20:03:26,219 [INFO] MainPanel:268 - HeapMemory: 268435456
2024-09-05 20:03:26,380 [INFO] DbMcusXml:78 - Set database path to: D:\Programs\STM32CubeIDE_1.16.0\STM32CubeIDE\plugins\com.st.stm32cube.common.mx_6.12.0.202406281431\\db\/mcu/
2024-09-05 20:03:26,380 [INFO] ApiDb:274 - Set plugin database path to: D:\Programs\STM32CubeIDE_1.16.0\STM32CubeIDE\plugins\com.st.stm32cube.common.mx_6.12.0.202406281431\\db\/plugins/boardmanager/
2024-09-05 20:03:26,380 [INFO] ApiDb:261 - Set plugin images path to: D:\Programs\STM32CubeIDE_1.16.0\STM32CubeIDE\plugins\com.st.stm32cube.common.mx_6.12.0.202406281431\\db\/plugins/mcufinder/images/
2024-09-05 20:03:26,381 [WARN] DbFile:41 - Overriding database path with different value: C:\Users\lenovo\.stmcufinder\plugins\mcufinder/ => C:\Users\lenovo\.stmcufinder\plugins\mcufinder
2024-09-05 20:03:26,381 [INFO] ApiDb:250 - Set database path to: C:\Users\lenovo\.stmcufinder\plugins\mcufinder//mcu/
2024-09-05 20:03:26,381 [WARN] DbFile:41 - Overriding database path with different value: C:\Users\lenovo\.stmcufinder\plugins\mcufinder/ => C:\Users\lenovo\.stmcufinder\plugins\mcufinder
2024-09-05 20:03:26,381 [INFO] DbMcusAds:125 - Set database path to: C:\Users\lenovo\.stmcufinder\plugins\mcufinder//mcu/
2024-09-05 20:03:26,381 [WARN] DbFile:41 - Overriding database path with different value: C:\Users\lenovo\.stmcufinder\plugins\mcufinder/ => C:\Users\lenovo\.stmcufinder\plugins\mcufinder
2024-09-05 20:03:26,381 [WARN] DbFile:41 - Overriding database path with different value: C:\Users\lenovo\.stmcufinder\plugins\mcufinder/ => C:\Users\lenovo\.stmcufinder\plugins\mcufinder
2024-09-05 20:03:26,381 [INFO] CrossReferenceDbSqlite:203 - Set database path to: C:\Users\lenovo\.stmcufinder\plugins\mcufinder//mcu/cs/
2024-09-05 20:03:26,407 [INFO] ApplicationProperties:184 - Using Application install path: D:\Programs\STM32CubeIDE_1.16.0\STM32CubeIDE\plugins\com.st.stm32cube.common.mx_6.12.0.202406281431
2024-09-05 20:03:26,408 [INFO] PluginManage:196 - Search for loadable plugins [exclusion list=, ]
2024-09-05 20:03:26,409 [INFO] PluginManage:310 - Check plugin analytics
2024-09-05 20:03:31,716 [INFO] AnalyticsPlugin:253 - Accepted Software Licenses: STM32CubeMX.6.12.0
2024-09-05 20:03:31,716 [INFO] AnalyticsPlugin:255 - Accepted CMSIS Pack Licenses: 
2024-09-05 20:03:31,717 [INFO] AnalyticsPlugin:257 - Accepted Firmware Licenses: FW.F4.1.28.0
2024-09-05 20:03:31,722 [INFO] PluginManage:359 - Loaded plugin analytics (category:tool,tabindex:-1)
2024-09-05 20:03:31,722 [INFO] PluginManage:310 - Check plugin cadmodel
2024-09-05 20:03:31,824 [INFO] CADModel:105 - Init CAD model plugin
2024-09-05 20:03:31,825 [INFO] PluginManage:359 - Loaded plugin cadmodel (category:power,tabindex:5)
2024-09-05 20:03:31,825 [INFO] PluginManage:310 - Check plugin clock
2024-09-05 20:03:31,912 [INFO] PluginManage:359 - Loaded plugin clock (category:base,tabindex:2)
2024-09-05 20:03:31,912 [INFO] PluginManage:310 - Check plugin ddr
2024-09-05 20:03:31,927 [INFO] PluginManage:359 - Loaded plugin ddr (category:tool,tabindex:6)
2024-09-05 20:03:31,928 [INFO] PluginManage:310 - Check plugin filemanager
2024-09-05 20:03:32,171 [INFO] PluginManage:359 - Loaded plugin filemanager (category:base,tabindex:10)
2024-09-05 20:03:32,171 [INFO] PluginManage:310 - Check plugin ipmanager
2024-09-05 20:03:32,203 [INFO] PluginManage:359 - Loaded plugin ipmanager (category:base,tabindex:5)
2024-09-05 20:03:32,204 [INFO] PluginManage:310 - Check plugin lpbam
2024-09-05 20:03:32,290 [INFO] PluginManage:359 - Loaded plugin lpbam (category:base,tabindex:0)
2024-09-05 20:03:32,291 [INFO] PluginManage:310 - Check plugin memorymap
2024-09-05 20:03:32,361 [INFO] PluginManage:359 - Loaded plugin memorymap (category:base,tabindex:4)
2024-09-05 20:03:32,361 [INFO] PluginManage:310 - Check plugin pinoutandconfiguration
2024-09-05 20:03:32,415 [INFO] PluginManage:359 - Loaded plugin pinoutandconfiguration (category:base,tabindex:1)
2024-09-05 20:03:32,415 [INFO] PluginManage:310 - Check plugin pinoutconfig
2024-09-05 20:03:32,555 [WARN] SupportedApi:132 - Cannot load RTOS API schema: s4s-elt-must-match.1: The content of 'definitions' must match (annotation?, (simpleType | complexType)?, (unique | key | keyref)*)). A problem was found starting at: attribute.
2024-09-05 20:03:32,728 [INFO] PluginManage:359 - Loaded plugin pinoutconfig (category:base,tabindex:0)
2024-09-05 20:03:32,728 [INFO] PluginManage:310 - Check plugin power
2024-09-05 20:03:32,864 [INFO] PluginManage:359 - Loaded plugin power (category:power,tabindex:4)
2024-09-05 20:03:32,864 [INFO] PluginManage:310 - Check plugin projectmanager
2024-09-05 20:03:32,890 [INFO] PluginManage:359 - Loaded plugin projectmanager (category:projectmanager,tabindex:4)
2024-09-05 20:03:32,891 [INFO] PluginManage:310 - Check plugin rif
2024-09-05 20:03:32,990 [INFO] PluginManage:359 - Loaded plugin rif (category:base,tabindex:3)
2024-09-05 20:03:32,990 [INFO] PluginManage:310 - Check plugin thirdparty
2024-09-05 20:03:33,564 [WARN] IntegrityCheckThread:84 - waiting for thirdparty lock release [integrity check]
2024-09-05 20:03:33,565 [INFO] IntegrityCheckThread:86 - entering critical section [integrity check]
2024-09-05 20:03:33,567 [INFO] PluginManage:359 - Loaded plugin thirdparty (category:base,tabindex:-1)
2024-09-05 20:03:33,567 [INFO] PluginManage:310 - Check plugin tools
2024-09-05 20:03:33,567 [INFO] ThirdPartyUpdaterWithRetryManager:70 - Updater plugin not ready yet. [1/15]
2024-09-05 20:03:33,579 [INFO] PluginManage:359 - Loaded plugin tools (category:base,tabindex:7)
2024-09-05 20:03:33,579 [INFO] PluginManage:310 - Check plugin tutovideos
2024-09-05 20:03:33,979 [INFO] PluginManage:359 - Loaded plugin tutovideos (category:base,tabindex:-1)
2024-09-05 20:03:33,980 [INFO] PluginManage:310 - Check plugin updater
2024-09-05 20:03:34,030 [INFO] PluginManage:359 - Loaded plugin updater (category:base,tabindex:12)
2024-09-05 20:03:34,030 [INFO] PluginManage:310 - Check plugin userauth
2024-09-05 20:03:34,044 [INFO] UserAuth:113 - Init User Auth plugin
2024-09-05 20:03:34,044 [INFO] PluginManage:359 - Loaded plugin userauth (category:base,tabindex:14)
2024-09-05 20:03:34,045 [INFO] PluginManage:283 - PluginManage : Loaded plugins [18]
2024-09-05 20:03:34,472 [INFO] PinOutPanel:1561 - setPackage(No Configuration,No Configuration)
2024-09-05 20:03:34,662 [INFO] CADModel:165 - CPN selected for project level
2024-09-05 20:03:34,663 [INFO] CADModel:114 - Register for checkConnection events
2024-09-05 20:03:34,734 [INFO] IPUIPlugin:80 - create IPUIPlugin
2024-09-05 20:03:34,734 [INFO] PluginManager:220 - loadIPPluginJar : add adc
2024-09-05 20:03:34,741 [INFO] IPUIPlugin:80 - create IPUIPlugin
2024-09-05 20:03:34,741 [INFO] PluginManager:220 - loadIPPluginJar : add aes
2024-09-05 20:03:34,748 [INFO] IPUIPlugin:80 - create IPUIPlugin
2024-09-05 20:03:34,748 [INFO] PluginManager:220 - loadIPPluginJar : add can
2024-09-05 20:03:34,753 [INFO] IPUIPlugin:80 - create IPUIPlugin
2024-09-05 20:03:34,753 [INFO] PluginManager:220 - loadIPPluginJar : add comp
2024-09-05 20:03:34,760 [INFO] IPUIPlugin:80 - create IPUIPlugin
2024-09-05 20:03:34,760 [INFO] PluginManager:220 - loadIPPluginJar : add cryp
2024-09-05 20:03:34,777 [INFO] IPUIPlugin:80 - create IPUIPlugin
2024-09-05 20:03:34,777 [INFO] PluginManager:220 - loadIPPluginJar : add ddr_ctrl_phy
2024-09-05 20:03:34,783 [INFO] IPUIPlugin:80 - create IPUIPlugin
2024-09-05 20:03:34,784 [INFO] PluginManager:220 - loadIPPluginJar : add dfsdm
2024-09-05 20:03:34,798 [INFO] IPUIPlugin:80 - create IPUIPlugin
2024-09-05 20:03:34,798 [INFO] PluginManager:220 - loadIPPluginJar : add dma
2024-09-05 20:03:34,807 [INFO] IPUIPlugin:80 - create IPUIPlugin
2024-09-05 20:03:34,807 [INFO] PluginManager:220 - loadIPPluginJar : add dma3
2024-09-05 20:03:34,815 [INFO] IPUIPlugin:80 - create IPUIPlugin
2024-09-05 20:03:34,815 [INFO] PluginManager:220 - loadIPPluginJar : add extmemmanager
2024-09-05 20:03:34,820 [INFO] IPUIPlugin:80 - create IPUIPlugin
2024-09-05 20:03:34,820 [INFO] PluginManager:220 - loadIPPluginJar : add fatfs
2024-09-05 20:03:34,828 [INFO] IPUIPlugin:80 - create IPUIPlugin
2024-09-05 20:03:34,828 [INFO] PluginManager:220 - loadIPPluginJar : add fmc
2024-09-05 20:03:34,872 [INFO] IPUIPlugin:80 - create IPUIPlugin
2024-09-05 20:03:34,872 [INFO] PluginManager:220 - loadIPPluginJar : add freertos
2024-09-05 20:03:34,877 [INFO] IPUIPlugin:80 - create IPUIPlugin
2024-09-05 20:03:34,878 [INFO] PluginManager:220 - loadIPPluginJar : add genericplugin
2024-09-05 20:03:34,888 [INFO] IPUIPlugin:80 - create IPUIPlugin
2024-09-05 20:03:34,888 [INFO] PluginManager:220 - loadIPPluginJar : add gfxmmu
2024-09-05 20:03:34,902 [INFO] IPUIPlugin:80 - create IPUIPlugin
2024-09-05 20:03:34,902 [INFO] PluginManager:220 - loadIPPluginJar : add gic
2024-09-05 20:03:34,924 [INFO] IPUIPlugin:80 - create IPUIPlugin
2024-09-05 20:03:34,924 [INFO] PluginManager:220 - loadIPPluginJar : add gpio
2024-09-05 20:03:34,935 [INFO] IPUIPlugin:80 - create IPUIPlugin
2024-09-05 20:03:34,935 [INFO] PluginManager:220 - loadIPPluginJar : add gtzc
2024-09-05 20:03:34,941 [INFO] IPUIPlugin:80 - create IPUIPlugin
2024-09-05 20:03:34,941 [INFO] PluginManager:220 - loadIPPluginJar : add hash
2024-09-05 20:03:34,950 [INFO] IPUIPlugin:80 - create IPUIPlugin
2024-09-05 20:03:34,950 [INFO] PluginManager:220 - loadIPPluginJar : add i2c
2024-09-05 20:03:34,960 [INFO] IPUIPlugin:80 - create IPUIPlugin
2024-09-05 20:03:34,960 [INFO] PluginManager:220 - loadIPPluginJar : add i2s
2024-09-05 20:03:34,969 [INFO] IPUIPlugin:80 - create IPUIPlugin
2024-09-05 20:03:34,970 [INFO] PluginManager:220 - loadIPPluginJar : add i3c
2024-09-05 20:03:34,982 [INFO] IPUIPlugin:80 - create IPUIPlugin
2024-09-05 20:03:34,982 [INFO] PluginManager:220 - loadIPPluginJar : add ipddr
2024-09-05 20:03:35,006 [INFO] IPUIPlugin:80 - create IPUIPlugin
2024-09-05 20:03:35,006 [INFO] PluginManager:220 - loadIPPluginJar : add linkedlist
2024-09-05 20:03:35,014 [INFO] IPUIPlugin:80 - create IPUIPlugin
2024-09-05 20:03:35,014 [INFO] PluginManager:220 - loadIPPluginJar : add lorawan
2024-09-05 20:03:35,019 [INFO] IPUIPlugin:80 - create IPUIPlugin
2024-09-05 20:03:35,019 [INFO] PluginManager:220 - loadIPPluginJar : add ltdc
2024-09-05 20:03:35,040 [INFO] IPUIPlugin:80 - create IPUIPlugin
2024-09-05 20:03:35,040 [INFO] PluginManager:220 - loadIPPluginJar : add mdma
2024-09-05 20:03:35,060 [INFO] IPUIPlugin:80 - create IPUIPlugin
2024-09-05 20:03:35,061 [INFO] PluginManager:220 - loadIPPluginJar : add nvic
2024-09-05 20:03:35,069 [INFO] IPUIPlugin:80 - create IPUIPlugin
2024-09-05 20:03:35,069 [INFO] PluginManager:220 - loadIPPluginJar : add opamp
2024-09-05 20:03:35,078 [INFO] IPUIPlugin:80 - create IPUIPlugin
2024-09-05 20:03:35,079 [INFO] PluginManager:220 - loadIPPluginJar : add openamp
2024-09-05 20:03:35,100 [INFO] IPUIPlugin:80 - create IPUIPlugin
2024-09-05 20:03:35,100 [INFO] PluginManager:220 - loadIPPluginJar : add pdm2pcm
2024-09-05 20:03:35,127 [INFO] IPUIPlugin:80 - create IPUIPlugin
2024-09-05 20:03:35,128 [INFO] PluginManager:220 - loadIPPluginJar : add plateformsettings
2024-09-05 20:03:35,134 [INFO] IPUIPlugin:80 - create IPUIPlugin
2024-09-05 20:03:35,134 [INFO] PluginManager:220 - loadIPPluginJar : add quadspi
2024-09-05 20:03:35,140 [INFO] IPUIPlugin:80 - create IPUIPlugin
2024-09-05 20:03:35,140 [INFO] PluginManager:220 - loadIPPluginJar : add radio
2024-09-05 20:03:35,188 [INFO] IPUIPlugin:80 - create IPUIPlugin
2024-09-05 20:03:35,188 [INFO] PluginManager:220 - loadIPPluginJar : add resmgrutility
2024-09-05 20:03:35,196 [INFO] IPUIPlugin:80 - create IPUIPlugin
2024-09-05 20:03:35,197 [INFO] PluginManager:220 - loadIPPluginJar : add sai
2024-09-05 20:03:35,203 [INFO] IPUIPlugin:80 - create IPUIPlugin
2024-09-05 20:03:35,204 [INFO] PluginManager:220 - loadIPPluginJar : add spi
2024-09-05 20:03:35,214 [INFO] IPUIPlugin:80 - create IPUIPlugin
2024-09-05 20:03:35,214 [INFO] PluginManager:220 - loadIPPluginJar : add stm32_wpan
2024-09-05 20:03:35,219 [INFO] IPUIPlugin:80 - create IPUIPlugin
2024-09-05 20:03:35,220 [INFO] PluginManager:220 - loadIPPluginJar : add tim
2024-09-05 20:03:35,228 [INFO] IPUIPlugin:80 - create IPUIPlugin
2024-09-05 20:03:35,229 [INFO] PluginManager:220 - loadIPPluginJar : add touchsensing
2024-09-05 20:03:35,234 [INFO] IPUIPlugin:80 - create IPUIPlugin
2024-09-05 20:03:35,235 [INFO] PluginManager:220 - loadIPPluginJar : add tracer_emb
2024-09-05 20:03:35,240 [INFO] IPUIPlugin:80 - create IPUIPlugin
2024-09-05 20:03:35,240 [INFO] PluginManager:220 - loadIPPluginJar : add ts
2024-09-05 20:03:35,245 [INFO] IPUIPlugin:80 - create IPUIPlugin
2024-09-05 20:03:35,245 [INFO] PluginManager:220 - loadIPPluginJar : add tsc
2024-09-05 20:03:35,250 [INFO] IPUIPlugin:80 - create IPUIPlugin
2024-09-05 20:03:35,250 [INFO] PluginManager:220 - loadIPPluginJar : add ucpd
2024-09-05 20:03:35,260 [INFO] IPUIPlugin:80 - create IPUIPlugin
2024-09-05 20:03:35,261 [INFO] PluginManager:220 - loadIPPluginJar : add usart
2024-09-05 20:03:35,269 [INFO] IPUIPlugin:80 - create IPUIPlugin
2024-09-05 20:03:35,269 [INFO] PluginManager:220 - loadIPPluginJar : add usbx
2024-09-05 20:03:35,443 [INFO] CADModel:165 - CPN selected for project level
2024-09-05 20:03:35,443 [INFO] CADModel:114 - Register for checkConnection events
2024-09-05 20:03:35,444 [FATAL] Updater:334 - Updater called before beeing initialized
2024-09-05 20:03:35,444 [ERROR] CADModel:125 - Updater not yet initialized, retry later 
2024-09-05 20:03:35,932 [INFO] CADModel:165 - CPN selected for project level
2024-09-05 20:03:35,932 [INFO] CADModel:114 - Register for checkConnection events
2024-09-05 20:03:35,932 [FATAL] Updater:334 - Updater called before beeing initialized
2024-09-05 20:03:35,932 [ERROR] CADModel:125 - Updater not yet initialized, retry later 
2024-09-05 20:03:35,936 [FATAL] Updater:334 - Updater called before beeing initialized
2024-09-05 20:03:36,142 [FATAL] Updater:334 - Updater called before beeing initialized
2024-09-05 20:03:36,147 [INFO] DbMcusAds:53 - JSON generation date=Thu May 16 12:22:00 EEST 2024 (1715851320667)
2024-09-05 20:03:36,147 [FATAL] Updater:334 - Updater called before beeing initialized
2024-09-05 20:03:36,304 [WARN] DetailPanel:346 - Failed to get advertising image, set to default
2024-09-05 20:03:36,489 [FATAL] Updater:334 - Updater called before beeing initialized
2024-09-05 20:03:36,491 [FATAL] Updater:334 - Updater called before beeing initialized
2024-09-05 20:03:36,491 [FATAL] Updater:334 - Updater called before beeing initialized
2024-09-05 20:03:36,491 [WARN] DetailPanel:346 - Failed to get advertising image, set to default
2024-09-05 20:03:36,492 [FATAL] Updater:334 - Updater called before beeing initialized
2024-09-05 20:03:36,568 [INFO] ThirdPartyUpdaterWithRetryManager:70 - Updater plugin not ready yet. [2/15]
2024-09-05 20:03:36,640 [ERROR] Updater:1164 - MainUpdater not yet initialized. External WinMGr cannot be set.
2024-09-05 20:03:36,649 [INFO] Updater:1100 - Updater Version found : 6.12.0
2024-09-05 20:03:36,668 [INFO] ApplicationProperties:184 - Using Application install path: D:\Programs\STM32CubeIDE_1.16.0\STM32CubeIDE\plugins\com.st.stm32cube.common.mx_6.12.0.202406281431
2024-09-05 20:03:37,283 [INFO] MainUpdater:2873 - connection check result : 10
2024-09-05 20:03:37,284 [INFO] MainUpdater:290 - Updater Check For Update Now.
2024-09-05 20:03:37,284 [INFO] MicroXplorer:498 - Change Database Version : DB.6.0.120
2024-09-05 20:03:37,307 [INFO] McuFinderGlobals:63 - Set McuFinder mode to 2 (CubeIDE integrated)
2024-09-05 20:03:37,325 [INFO] UserAuth:417 - Internet connection configuration mode: 1
2024-09-05 20:03:37,413 [INFO] JxBrowserEngine:152 - Initiate JxBrowser Engine with user profile folder
2024-09-05 20:03:37,746 [INFO] CheckServerUpdateThread:120 - End of CheckServer Thread
2024-09-05 20:03:40,220 [WARN] PackLoader:240 - Cannot read IP mode file for STMicroelectronics.FP-SNS-MOTENVWB1.1.4.0
2024-09-05 20:03:40,243 [WARN] PackLoader:240 - Cannot read IP mode file for STMicroelectronics.X-CUBE-SMBUS.2.1.0
2024-09-05 20:03:40,309 [WARN] PackLoader:240 - Cannot read IP mode file for STMicroelectronics.X-CUBE-AZRTOS-F7.1.1.0
2024-09-05 20:03:40,425 [WARN] PackLoader:240 - Cannot read IP mode file for STMicroelectronics.X-CUBE-MEMS1.11.0.0
2024-09-05 20:03:40,767 [WARN] PackLoader:240 - Cannot read IP mode file for STMicroelectronics.FP-SNS-FLIGHT1.5.0.2
2024-09-05 20:03:40,799 [WARN] PackLoader:240 - Cannot read IP mode file for STMicroelectronics.X-CUBE-DISPLAY.3.0.0
2024-09-05 20:03:40,822 [WARN] PackLoader:240 - Cannot read IP mode file for STMicroelectronics.X-CUBE-BLE1.7.0.0
2024-09-05 20:03:40,840 [WARN] PackLoader:240 - Cannot read IP mode file for emotas.I-CUBE-CANOPEN.1.3.0
2024-09-05 20:03:40,873 [WARN] PackLoader:240 - Cannot read IP mode file for STMicroelectronics.X-CUBE-BLEMGR.3.1.0
2024-09-05 20:03:40,892 [WARN] PackLoader:240 - Cannot read IP mode file for STMicroelectronics.FP-SNS-SMARTAG2.1.2.0
2024-09-05 20:03:40,929 [INFO] LogOutputStream:77 - [STDOUT_REDIRECT] 1 : Invalid condition id : UX_CORESTACK_Condition cause : null
2024-09-05 20:03:40,930 [INFO] LogOutputStream:77 - [STDOUT_REDIRECT] 1 : Invalid condition id : UX_CORESTACK_Condition cause : null
2024-09-05 20:03:40,933 [INFO] LogOutputStream:77 - [STDOUT_REDIRECT] 1 : Invalid condition id : UX_CORESTACK_Condition cause : null
2024-09-05 20:03:40,936 [INFO] LogOutputStream:77 - [STDOUT_REDIRECT] 1 : Invalid condition id : UX_CORESTACK_Condition cause : null
2024-09-05 20:03:40,939 [INFO] LogOutputStream:77 - [STDOUT_REDIRECT] 1 : Invalid condition id : UX_CORESTACK_Condition cause : null
2024-09-05 20:03:40,945 [WARN] PackLoader:240 - Cannot read IP mode file for STMicroelectronics.X-CUBE-AZRTOS-WL.2.0.0
2024-09-05 20:03:40,961 [WARN] PackLoader:240 - Cannot read IP mode file for STMicroelectronics.FP-SNS-MOTENV1.5.0.0
2024-09-05 20:03:40,982 [WARN] PackLoader:240 - Cannot read IP mode file for wolfSSL.I-CUBE-wolfMQTT.1.19.0
2024-09-05 20:03:41,007 [WARN] PackLoader:240 - Cannot read IP mode file for WES.I-CUBE-Cesium.1.3.0
2024-09-05 20:03:41,019 [WARN] PackLoader:240 - Cannot read IP mode file for STMicroelectronics.X-CUBE-BLE2.3.3.0
2024-09-05 20:03:41,034 [WARN] PackLoader:240 - Cannot read IP mode file for STMicroelectronics.X-CUBE-TCPP.4.1.0
2024-09-05 20:03:41,053 [INFO] WebApp:167 - Instantiating new browser for Auth
2024-09-05 20:03:41,078 [WARN] PackLoader:240 - Cannot read IP mode file for STMicroelectronics.X-CUBE-AZRTOS-G0.1.1.0
2024-09-05 20:03:41,104 [WARN] PackLoader:240 - Cannot read IP mode file for STMicroelectronics.X-CUBE-SAFEA1.1.2.2
2024-09-05 20:03:41,125 [WARN] PackLoader:240 - Cannot read IP mode file for STMicroelectronics.X-CUBE-NFC4.3.0.0
2024-09-05 20:03:41,156 [WARN] PackLoader:240 - Cannot read IP mode file for EmbeddedOffice.I-CUBE-FS-RTOS.1.0.1
2024-09-05 20:03:41,157 [ERROR] ConditionMgr:805 - Attr not supported : Dmpu
2024-09-05 20:03:41,157 [ERROR] ConditionMgr:805 - Attr not supported : Dmpu
2024-09-05 20:03:41,157 [ERROR] ConditionMgr:805 - Attr not supported : Dmpu
2024-09-05 20:03:41,157 [ERROR] ConditionMgr:805 - Attr not supported : Dmpu
2024-09-05 20:03:41,157 [ERROR] ConditionMgr:805 - Attr not supported : Dmpu
2024-09-05 20:03:41,158 [ERROR] ConditionMgr:805 - Attr not supported : Dmpu
2024-09-05 20:03:41,158 [ERROR] ConditionMgr:805 - Attr not supported : Dmpu
2024-09-05 20:03:41,158 [ERROR] ConditionMgr:805 - Attr not supported : Dmpu
2024-09-05 20:03:41,158 [ERROR] ConditionMgr:805 - Attr not supported : Dmpu
2024-09-05 20:03:41,158 [ERROR] ConditionMgr:805 - Attr not supported : Dmpu
2024-09-05 20:03:41,158 [ERROR] ConditionMgr:805 - Attr not supported : Dmpu
2024-09-05 20:03:41,158 [ERROR] ConditionMgr:805 - Attr not supported : Dmpu
2024-09-05 20:03:41,158 [ERROR] ConditionMgr:805 - Attr not supported : Dmpu
2024-09-05 20:03:41,159 [ERROR] ConditionMgr:805 - Attr not supported : Dmpu
2024-09-05 20:03:41,159 [ERROR] ConditionMgr:805 - Attr not supported : Dmpu
2024-09-05 20:03:41,159 [ERROR] ConditionMgr:805 - Attr not supported : Dmpu
2024-09-05 20:03:41,159 [ERROR] ConditionMgr:805 - Attr not supported : Dmpu
2024-09-05 20:03:41,159 [ERROR] ConditionMgr:805 - Attr not supported : Dmpu
2024-09-05 20:03:41,159 [ERROR] ConditionMgr:805 - Attr not supported : Dmpu
2024-09-05 20:03:41,160 [ERROR] ConditionMgr:805 - Attr not supported : Dmpu
2024-09-05 20:03:41,160 [ERROR] ConditionMgr:805 - Attr not supported : Dmpu
2024-09-05 20:03:41,160 [ERROR] ConditionMgr:805 - Attr not supported : Dmpu
2024-09-05 20:03:41,160 [ERROR] ConditionMgr:805 - Attr not supported : Dmpu
2024-09-05 20:03:41,160 [ERROR] ConditionMgr:805 - Attr not supported : Dmpu
2024-09-05 20:03:41,160 [ERROR] ConditionMgr:805 - Attr not supported : Dmpu
2024-09-05 20:03:41,161 [ERROR] ConditionMgr:805 - Attr not supported : Dmpu
2024-09-05 20:03:41,161 [ERROR] ConditionMgr:805 - Attr not supported : Dmpu
2024-09-05 20:03:41,161 [ERROR] ConditionMgr:805 - Attr not supported : Dmpu
2024-09-05 20:03:41,161 [ERROR] ConditionMgr:805 - Attr not supported : Dmpu
2024-09-05 20:03:41,161 [ERROR] ConditionMgr:805 - Attr not supported : Dmpu
2024-09-05 20:03:41,161 [ERROR] ConditionMgr:805 - Attr not supported : Dmpu
2024-09-05 20:03:41,162 [ERROR] ConditionMgr:805 - Attr not supported : Dmpu
2024-09-05 20:03:41,162 [ERROR] ConditionMgr:805 - Attr not supported : Dmpu
2024-09-05 20:03:41,162 [ERROR] ConditionMgr:805 - Attr not supported : Dmpu
2024-09-05 20:03:41,162 [ERROR] ConditionMgr:805 - Attr not supported : Dmpu
2024-09-05 20:03:41,162 [ERROR] ConditionMgr:805 - Attr not supported : Dmpu
2024-09-05 20:03:41,163 [ERROR] ConditionMgr:805 - Attr not supported : Dmpu
2024-09-05 20:03:41,163 [ERROR] ConditionMgr:805 - Attr not supported : Dmpu
2024-09-05 20:03:41,163 [ERROR] ConditionMgr:805 - Attr not supported : Dmpu
2024-09-05 20:03:41,163 [ERROR] ConditionMgr:805 - Attr not supported : Dmpu
2024-09-05 20:03:41,163 [ERROR] ConditionMgr:805 - Attr not supported : Dmpu
2024-09-05 20:03:41,163 [ERROR] ConditionMgr:805 - Attr not supported : Dmpu
2024-09-05 20:03:41,164 [ERROR] ConditionMgr:805 - Attr not supported : Dmpu
2024-09-05 20:03:41,164 [ERROR] ConditionMgr:805 - Attr not supported : Dmpu
2024-09-05 20:03:41,164 [ERROR] ConditionMgr:805 - Attr not supported : Dmpu
2024-09-05 20:03:41,164 [ERROR] ConditionMgr:805 - Attr not supported : Dmpu
2024-09-05 20:03:41,164 [ERROR] ConditionMgr:805 - Attr not supported : Dmpu
2024-09-05 20:03:41,164 [ERROR] ConditionMgr:805 - Attr not supported : Dmpu
2024-09-05 20:03:41,165 [ERROR] ConditionMgr:805 - Attr not supported : Dmpu
2024-09-05 20:03:41,165 [ERROR] ConditionMgr:805 - Attr not supported : Dmpu
2024-09-05 20:03:41,165 [ERROR] ConditionMgr:805 - Attr not supported : Dmpu
2024-09-05 20:03:41,165 [ERROR] ConditionMgr:805 - Attr not supported : Dmpu
2024-09-05 20:03:41,165 [ERROR] ConditionMgr:805 - Attr not supported : Dmpu
2024-09-05 20:03:41,165 [ERROR] ConditionMgr:805 - Attr not supported : Dmpu
2024-09-05 20:03:41,166 [ERROR] ConditionMgr:805 - Attr not supported : Dmpu
2024-09-05 20:03:41,166 [ERROR] ConditionMgr:805 - Attr not supported : Dmpu
2024-09-05 20:03:41,166 [ERROR] ConditionMgr:805 - Attr not supported : Dmpu
2024-09-05 20:03:41,166 [ERROR] ConditionMgr:805 - Attr not supported : Dmpu
2024-09-05 20:03:41,166 [ERROR] ConditionMgr:805 - Attr not supported : Dmpu
2024-09-05 20:03:41,166 [ERROR] ConditionMgr:805 - Attr not supported : Dmpu
2024-09-05 20:03:41,167 [ERROR] ConditionMgr:805 - Attr not supported : Dmpu
2024-09-05 20:03:41,167 [ERROR] ConditionMgr:805 - Attr not supported : Dmpu
2024-09-05 20:03:41,167 [ERROR] ConditionMgr:805 - Attr not supported : Dmpu
2024-09-05 20:03:41,167 [ERROR] ConditionMgr:805 - Attr not supported : Dmpu
2024-09-05 20:03:41,193 [WARN] PackLoader:240 - Cannot read IP mode file for RealThread.X-CUBE-RT-Thread_Nano.4.1.1
2024-09-05 20:03:41,203 [WARN] PackLoader:240 - Cannot read IP mode file for STMicroelectronics.FP-ATR-SIGFOX1.3.2.0
2024-09-05 20:03:41,220 [WARN] PackLoader:240 - Cannot read IP mode file for wolfSSL.I-CUBE-wolfSSL.5.7.2
2024-09-05 20:03:41,233 [WARN] PackLoader:240 - Cannot read IP mode file for STMicroelectronics.X-CUBE-EEPRMA1.5.1.0
2024-09-05 20:03:41,256 [WARN] PackLoader:240 - Cannot read IP mode file for ITTIA_DB.I-CUBE-ITTIADB.8.9.0
2024-09-05 20:03:41,319 [WARN] PackLoader:240 - Cannot read IP mode file for SEGGER.I-CUBE-embOS.1.3.1
2024-09-05 20:03:41,403 [WARN] PackLoader:240 - Cannot read IP mode file for STMicroelectronics.X-CUBE-ALGOBUILD.1.4.0
2024-09-05 20:03:41,428 [WARN] PackLoader:240 - Cannot read IP mode file for STMicroelectronics.X-CUBE-GNSS1.6.0.0
2024-09-05 20:03:41,486 [WARN] PackLoader:240 - Cannot read IP mode file for STMicroelectronics.X-CUBE-AZRTOS-F4.1.1.0
2024-09-05 20:03:41,507 [WARN] PackLoader:240 - Cannot read IP mode file for STMicroelectronics.X-CUBE-FREERTOS.1.2.0
2024-09-05 20:03:41,566 [WARN] PackLoader:240 - Cannot read IP mode file for STMicroelectronics.X-CUBE-AZRTOS-L5.2.0.0
2024-09-05 20:03:41,598 [WARN] PackLoader:240 - Cannot read IP mode file for STMicroelectronics.X-CUBE-NFC6.3.1.0
2024-09-05 20:03:41,671 [WARN] PackLoader:240 - Cannot read IP mode file for STMicroelectronics.X-CUBE-DPower.1.2.0
2024-09-05 20:03:41,686 [WARN] PackLoader:240 - Cannot read IP mode file for STMicroelectronics.X-CUBE-AI.9.0.0
2024-09-05 20:03:41,696 [WARN] PackLoader:240 - Cannot read IP mode file for STMicroelectronics.X-CUBE-NFC7.1.0.1
2024-09-05 20:03:41,709 [WARN] PackLoader:240 - Cannot read IP mode file for wolfSSL.I-CUBE-wolfTPM.3.2.0
2024-09-05 20:03:41,763 [WARN] ConditionMgr:438 - getConditionDescription Invalid condition id : LAN8742 Phy interface Condition cause : null
2024-09-05 20:03:41,764 [WARN] PackLoader:240 - Cannot read IP mode file for STMicroelectronics.X-CUBE-AZRTOS-L4.2.0.0
2024-09-05 20:03:41,765 [WARN] ConditionMgr:1039 - genDependencies : Invalid condition id : LAN8742 Phy interface Condition cause : null
2024-09-05 20:03:41,766 [WARN] ConditionMgr:1039 - genDependencies : Invalid condition id : LAN8742 Phy interface Condition cause : null
2024-09-05 20:03:41,766 [WARN] ConditionMgr:1039 - genDependencies : Invalid condition id : LAN8742 Phy interface Condition cause : null
2024-09-05 20:03:41,784 [WARN] PackLoader:240 - Cannot read IP mode file for STMicroelectronics.X-CUBE-SFXS2LP1.4.0.0
2024-09-05 20:03:41,823 [WARN] PackLoader:240 - Cannot read IP mode file for STMicroelectronics.X-CUBE-AZRTOS-H7.3.3.0
2024-09-05 20:03:41,852 [WARN] ConditionMgr:438 - getConditionDescription Invalid condition id : UX DEVICE CLASS RTOS Condition cause : null
2024-09-05 20:03:41,852 [WARN] ConditionMgr:438 - getConditionDescription Invalid condition id : UX DEVICE CLASS RTOS Condition cause : null
2024-09-05 20:03:41,854 [WARN] PackLoader:240 - Cannot read IP mode file for STMicroelectronics.X-CUBE-AZRTOS-WB.2.0.0
2024-09-05 20:03:41,855 [WARN] ConditionMgr:1039 - genDependencies : Invalid condition id : UX DEVICE CLASS RTOS Condition cause : null
2024-09-05 20:03:41,855 [WARN] ConditionMgr:1039 - genDependencies : Invalid condition id : UX DEVICE CLASS RTOS Condition cause : null
2024-09-05 20:03:41,856 [WARN] ConditionMgr:1039 - genDependencies : Invalid condition id : UX DEVICE CLASS RTOS Condition cause : null
2024-09-05 20:03:41,856 [WARN] ConditionMgr:1039 - genDependencies : Invalid condition id : UX DEVICE CLASS RTOS Condition cause : null
2024-09-05 20:03:41,856 [WARN] ConditionMgr:1039 - genDependencies : Invalid condition id : UX DEVICE CLASS RTOS Condition cause : null
2024-09-05 20:03:41,870 [WARN] PackLoader:240 - Cannot read IP mode file for STMicroelectronics.FP-SNS-STBOX1.2.0.0
2024-09-05 20:03:41,889 [WARN] PackLoader:240 - Cannot read IP mode file for STMicroelectronics.X-CUBE-SUBG2.5.0.0
2024-09-05 20:03:41,902 [WARN] PackLoader:240 - Cannot read IP mode file for Cesanta.I-CUBE-Mongoose.7.13.0
2024-09-05 20:03:41,927 [WARN] PackLoader:240 - Cannot read IP mode file for STMicroelectronics.X-CUBE-AZRTOS-G4.2.0.0
2024-09-05 20:03:41,940 [WARN] PackLoader:240 - Cannot read IP mode file for STMicroelectronics.X-CUBE-ISPU.2.0.0
2024-09-05 20:03:41,952 [WARN] PackLoader:240 - Cannot read IP mode file for STMicroelectronics.X-CUBE-ALS.1.0.2
2024-09-05 20:03:41,964 [WARN] PackLoader:240 - Cannot read IP mode file for STMicroelectronics.X-CUBE-TOUCHGFX.4.24.0
2024-09-05 20:03:41,977 [WARN] PackLoader:240 - Cannot read IP mode file for portGmbH.I-Cube-SoM-uGOAL.1.1.0
2024-09-05 20:03:42,008 [WARN] PackLoader:240 - Cannot read IP mode file for STMicroelectronics.X-CUBE-AZRTOS-H7RS.1.0.0
2024-09-05 20:03:42,018 [WARN] PackLoader:240 - Cannot read IP mode file for STMicroelectronics.FP-ATR-ASTRA1.2.0.0
2024-09-05 20:03:42,038 [WARN] PackLoader:240 - Cannot read IP mode file for STMicroelectronics.X-CUBE-TOF1.3.4.2
2024-09-05 20:03:42,079 [WARN] PackLoader:240 - Cannot read IP mode file for Infineon.AIROC-Wi-Fi-Bluetooth-STM32.1.6.1
2024-09-05 20:03:42,090 [WARN] PackLoader:240 - Cannot read IP mode file for wolfSSL.I-CUBE-wolfSSH.1.4.17
2024-09-05 20:03:42,091 [INFO] ThirdParty:978 - Integrity check success = true
2024-09-05 20:03:42,091 [INFO] IntegrityCheckThread:100 - exiting critical section [integrity check]
2024-09-05 20:03:42,091 [INFO] IntegrityCheckThread:103 - End integrity checks thread
2024-09-05 20:03:43,615 [INFO] WebApp:448 - Apply proxy settings
2024-09-05 20:03:43,615 [INFO] WebApp:533 - Chromium requires no authentication
2024-09-05 20:03:43,630 [INFO] WebApp:476 - Direct internet connection detected
2024-09-05 20:03:43,678 [INFO] WebApp:869 - Register for checkConnection events
2024-09-05 20:03:43,678 [INFO] WebApp:448 - Apply proxy settings
2024-09-05 20:03:43,678 [INFO] WebApp:533 - Chromium requires no authentication
2024-09-05 20:03:43,679 [INFO] WebApp:476 - Direct internet connection detected
2024-09-05 20:03:43,979 [INFO] WebApp:186 - Connection restablished
2024-09-05 20:03:44,143 [INFO] WebApp:220 - Starting web application
2024-09-05 20:03:44,143 [INFO] WebApp:578 - Web application path used D:\Programs\STM32CubeIDE_1.16.0\STM32CubeIDE\plugins\com.st.stm32cube.common.mx_6.12.0.202406281431\db\plugins\mcufinder\reactClient1\index.html
2024-09-05 20:03:44,351 [INFO] UserAuth:417 - Internet connection configuration mode: 1
2024-09-05 20:04:02,786 [ERROR] LogOutputStream:75 - [STDERR_REDIRECT] 
2024-09-05 20:15:50,014 [INFO] Activator:176 - 


2024-09-05 20:15:50,018 [INFO] Activator:177 - !SESSION log4j initialized
2024-09-05 20:15:55,771 [INFO] LogOutputStream:77 - [STDOUT_REDIRECT] 
2024-09-05 20:16:16,299 [INFO] ApplicationProperties:184 - Using Application install path: D:\Programs\STM32CubeIDE_1.16.0\STM32CubeIDE\plugins\com.st.stm32cube.common.mx_6.12.0.202406281431
2024-09-05 20:16:16,344 [INFO] DbMcusXml:78 - Set database path to: D:\Programs\STM32CubeIDE_1.16.0\STM32CubeIDE\plugins\com.st.stm32cube.common.mx_6.12.0.202406281431\\db\/mcu/
2024-09-05 20:16:16,345 [INFO] ApiDb:274 - Set plugin database path to: D:\Programs\STM32CubeIDE_1.16.0\STM32CubeIDE\plugins\com.st.stm32cube.common.mx_6.12.0.202406281431\\db\/plugins/boardmanager/
2024-09-05 20:16:16,346 [WARN] ApiDb:259 - Overriding images path with different value:  => D:\Programs\STM32CubeIDE_1.16.0\STM32CubeIDE\plugins\com.st.stm32cube.common.mx_6.12.0.202406281431\\db\/plugins/mcufinder/images/
2024-09-05 20:16:16,357 [INFO] ApiDb:250 - Set database path to: C:\Users\lenovo\.stmcufinder\plugins\mcufinder//mcu/
2024-09-05 20:16:16,359 [INFO] DbMcusAds:125 - Set database path to: C:\Users\lenovo\.stmcufinder\plugins\mcufinder//mcu/
2024-09-05 20:16:16,415 [INFO] CrossReferenceDbSqlite:203 - Set database path to: C:\Users\lenovo\.stmcufinder\plugins\mcufinder//mcu/cs/
2024-09-05 20:16:16,616 [INFO] RulesReader:64 - Compatibility file has been processed (297 Rules)
2024-09-05 20:16:16,813 [INFO] DbMcusXml:78 - Set database path to: D:\Programs\STM32CubeIDE_1.16.0\STM32CubeIDE\plugins\com.st.stm32cube.common.mx_6.12.0.202406281431\\db\/mcu/
2024-09-05 20:16:16,814 [INFO] ApiDb:274 - Set plugin database path to: D:\Programs\STM32CubeIDE_1.16.0\STM32CubeIDE\plugins\com.st.stm32cube.common.mx_6.12.0.202406281431\\db\/plugins/boardmanager/
2024-09-05 20:16:16,814 [INFO] ApiDb:261 - Set plugin images path to: D:\Programs\STM32CubeIDE_1.16.0\STM32CubeIDE\plugins\com.st.stm32cube.common.mx_6.12.0.202406281431\\db\/plugins/mcufinder/images/
2024-09-05 20:16:16,814 [WARN] DbFile:41 - Overriding database path with different value: C:\Users\lenovo\.stmcufinder\plugins\mcufinder/ => C:\Users\lenovo\.stmcufinder\plugins\mcufinder
2024-09-05 20:16:16,815 [INFO] ApiDb:250 - Set database path to: C:\Users\lenovo\.stmcufinder\plugins\mcufinder//mcu/
2024-09-05 20:16:16,815 [WARN] DbFile:41 - Overriding database path with different value: C:\Users\lenovo\.stmcufinder\plugins\mcufinder/ => C:\Users\lenovo\.stmcufinder\plugins\mcufinder
2024-09-05 20:16:16,815 [INFO] DbMcusAds:125 - Set database path to: C:\Users\lenovo\.stmcufinder\plugins\mcufinder//mcu/
2024-09-05 20:16:16,815 [WARN] DbFile:41 - Overriding database path with different value: C:\Users\lenovo\.stmcufinder\plugins\mcufinder/ => C:\Users\lenovo\.stmcufinder\plugins\mcufinder
2024-09-05 20:16:16,815 [WARN] DbFile:41 - Overriding database path with different value: C:\Users\lenovo\.stmcufinder\plugins\mcufinder/ => C:\Users\lenovo\.stmcufinder\plugins\mcufinder
2024-09-05 20:16:16,815 [INFO] CrossReferenceDbSqlite:203 - Set database path to: C:\Users\lenovo\.stmcufinder\plugins\mcufinder//mcu/cs/
2024-09-05 20:16:16,965 [INFO] MainPanel:268 - HeapMemory: 268435456
2024-09-05 20:16:17,090 [INFO] DbMcusXml:78 - Set database path to: D:\Programs\STM32CubeIDE_1.16.0\STM32CubeIDE\plugins\com.st.stm32cube.common.mx_6.12.0.202406281431\\db\/mcu/
2024-09-05 20:16:17,090 [INFO] ApiDb:274 - Set plugin database path to: D:\Programs\STM32CubeIDE_1.16.0\STM32CubeIDE\plugins\com.st.stm32cube.common.mx_6.12.0.202406281431\\db\/plugins/boardmanager/
2024-09-05 20:16:17,090 [INFO] ApiDb:261 - Set plugin images path to: D:\Programs\STM32CubeIDE_1.16.0\STM32CubeIDE\plugins\com.st.stm32cube.common.mx_6.12.0.202406281431\\db\/plugins/mcufinder/images/
2024-09-05 20:16:17,090 [WARN] DbFile:41 - Overriding database path with different value: C:\Users\lenovo\.stmcufinder\plugins\mcufinder/ => C:\Users\lenovo\.stmcufinder\plugins\mcufinder
2024-09-05 20:16:17,091 [INFO] ApiDb:250 - Set database path to: C:\Users\lenovo\.stmcufinder\plugins\mcufinder//mcu/
2024-09-05 20:16:17,091 [WARN] DbFile:41 - Overriding database path with different value: C:\Users\lenovo\.stmcufinder\plugins\mcufinder/ => C:\Users\lenovo\.stmcufinder\plugins\mcufinder
2024-09-05 20:16:17,091 [INFO] DbMcusAds:125 - Set database path to: C:\Users\lenovo\.stmcufinder\plugins\mcufinder//mcu/
2024-09-05 20:16:17,091 [WARN] DbFile:41 - Overriding database path with different value: C:\Users\lenovo\.stmcufinder\plugins\mcufinder/ => C:\Users\lenovo\.stmcufinder\plugins\mcufinder
2024-09-05 20:16:17,092 [WARN] DbFile:41 - Overriding database path with different value: C:\Users\lenovo\.stmcufinder\plugins\mcufinder/ => C:\Users\lenovo\.stmcufinder\plugins\mcufinder
2024-09-05 20:16:17,092 [INFO] CrossReferenceDbSqlite:203 - Set database path to: C:\Users\lenovo\.stmcufinder\plugins\mcufinder//mcu/cs/
2024-09-05 20:16:17,122 [INFO] ApplicationProperties:184 - Using Application install path: D:\Programs\STM32CubeIDE_1.16.0\STM32CubeIDE\plugins\com.st.stm32cube.common.mx_6.12.0.202406281431
2024-09-05 20:16:17,125 [INFO] PluginManage:196 - Search for loadable plugins [exclusion list=, ]
2024-09-05 20:16:17,128 [INFO] PluginManage:310 - Check plugin analytics
2024-09-05 20:16:22,429 [INFO] AnalyticsPlugin:253 - Accepted Software Licenses: STM32CubeMX.6.12.0
2024-09-05 20:16:22,429 [INFO] AnalyticsPlugin:255 - Accepted CMSIS Pack Licenses: 
2024-09-05 20:16:22,430 [INFO] AnalyticsPlugin:257 - Accepted Firmware Licenses: FW.F4.1.28.0
2024-09-05 20:16:22,437 [INFO] PluginManage:359 - Loaded plugin analytics (category:tool,tabindex:-1)
2024-09-05 20:16:22,438 [INFO] PluginManage:310 - Check plugin cadmodel
2024-09-05 20:16:22,444 [INFO] CADModel:105 - Init CAD model plugin
2024-09-05 20:16:22,445 [INFO] PluginManage:359 - Loaded plugin cadmodel (category:power,tabindex:5)
2024-09-05 20:16:22,445 [INFO] PluginManage:310 - Check plugin clock
2024-09-05 20:16:22,460 [INFO] PluginManage:359 - Loaded plugin clock (category:base,tabindex:2)
2024-09-05 20:16:22,460 [INFO] PluginManage:310 - Check plugin ddr
2024-09-05 20:16:22,462 [INFO] PluginManage:359 - Loaded plugin ddr (category:tool,tabindex:6)
2024-09-05 20:16:22,463 [INFO] PluginManage:310 - Check plugin filemanager
2024-09-05 20:16:22,680 [INFO] PluginManage:359 - Loaded plugin filemanager (category:base,tabindex:10)
2024-09-05 20:16:22,680 [INFO] PluginManage:310 - Check plugin ipmanager
2024-09-05 20:16:22,697 [INFO] PluginManage:359 - Loaded plugin ipmanager (category:base,tabindex:5)
2024-09-05 20:16:22,698 [INFO] PluginManage:310 - Check plugin lpbam
2024-09-05 20:16:22,707 [INFO] PluginManage:359 - Loaded plugin lpbam (category:base,tabindex:0)
2024-09-05 20:16:22,707 [INFO] PluginManage:310 - Check plugin memorymap
2024-09-05 20:16:22,724 [INFO] PluginManage:359 - Loaded plugin memorymap (category:base,tabindex:4)
2024-09-05 20:16:22,725 [INFO] PluginManage:310 - Check plugin pinoutandconfiguration
2024-09-05 20:16:22,737 [INFO] PluginManage:359 - Loaded plugin pinoutandconfiguration (category:base,tabindex:1)
2024-09-05 20:16:22,737 [INFO] PluginManage:310 - Check plugin pinoutconfig
2024-09-05 20:16:22,871 [WARN] SupportedApi:132 - Cannot load RTOS API schema: s4s-elt-must-match.1: The content of 'definitions' must match (annotation?, (simpleType | complexType)?, (unique | key | keyref)*)). A problem was found starting at: attribute.
2024-09-05 20:16:23,066 [INFO] PluginManage:359 - Loaded plugin pinoutconfig (category:base,tabindex:0)
2024-09-05 20:16:23,067 [INFO] PluginManage:310 - Check plugin power
2024-09-05 20:16:23,082 [INFO] PluginManage:359 - Loaded plugin power (category:power,tabindex:4)
2024-09-05 20:16:23,082 [INFO] PluginManage:310 - Check plugin projectmanager
2024-09-05 20:16:23,119 [INFO] PluginManage:359 - Loaded plugin projectmanager (category:projectmanager,tabindex:4)
2024-09-05 20:16:23,121 [INFO] PluginManage:310 - Check plugin rif
2024-09-05 20:16:23,137 [INFO] PluginManage:359 - Loaded plugin rif (category:base,tabindex:3)
2024-09-05 20:16:23,138 [INFO] PluginManage:310 - Check plugin thirdparty
2024-09-05 20:16:23,364 [WARN] IntegrityCheckThread:84 - waiting for thirdparty lock release [integrity check]
2024-09-05 20:16:23,365 [INFO] IntegrityCheckThread:86 - entering critical section [integrity check]
2024-09-05 20:16:23,365 [INFO] PluginManage:359 - Loaded plugin thirdparty (category:base,tabindex:-1)
2024-09-05 20:16:23,366 [INFO] PluginManage:310 - Check plugin tools
2024-09-05 20:16:23,366 [INFO] ThirdPartyUpdaterWithRetryManager:70 - Updater plugin not ready yet. [1/15]
2024-09-05 20:16:23,371 [INFO] PluginManage:359 - Loaded plugin tools (category:base,tabindex:7)
2024-09-05 20:16:23,371 [INFO] PluginManage:310 - Check plugin tutovideos
2024-09-05 20:16:23,678 [INFO] PluginManage:359 - Loaded plugin tutovideos (category:base,tabindex:-1)
2024-09-05 20:16:23,679 [INFO] PluginManage:310 - Check plugin updater
2024-09-05 20:16:23,707 [INFO] PluginManage:359 - Loaded plugin updater (category:base,tabindex:12)
2024-09-05 20:16:23,708 [INFO] PluginManage:310 - Check plugin userauth
2024-09-05 20:16:23,719 [INFO] UserAuth:113 - Init User Auth plugin
2024-09-05 20:16:23,720 [INFO] PluginManage:359 - Loaded plugin userauth (category:base,tabindex:14)
2024-09-05 20:16:23,721 [INFO] PluginManage:283 - PluginManage : Loaded plugins [18]
2024-09-05 20:16:24,137 [INFO] PinOutPanel:1561 - setPackage(No Configuration,No Configuration)
2024-09-05 20:16:24,322 [INFO] CADModel:165 - CPN selected for project level
2024-09-05 20:16:24,322 [INFO] CADModel:114 - Register for checkConnection events
2024-09-05 20:16:24,344 [INFO] IPUIPlugin:80 - create IPUIPlugin
2024-09-05 20:16:24,344 [INFO] PluginManager:220 - loadIPPluginJar : add adc
2024-09-05 20:16:24,347 [INFO] IPUIPlugin:80 - create IPUIPlugin
2024-09-05 20:16:24,347 [INFO] PluginManager:220 - loadIPPluginJar : add aes
2024-09-05 20:16:24,352 [INFO] IPUIPlugin:80 - create IPUIPlugin
2024-09-05 20:16:24,352 [INFO] PluginManager:220 - loadIPPluginJar : add can
2024-09-05 20:16:24,354 [INFO] IPUIPlugin:80 - create IPUIPlugin
2024-09-05 20:16:24,355 [INFO] PluginManager:220 - loadIPPluginJar : add comp
2024-09-05 20:16:24,358 [INFO] IPUIPlugin:80 - create IPUIPlugin
2024-09-05 20:16:24,359 [INFO] PluginManager:220 - loadIPPluginJar : add cryp
2024-09-05 20:16:24,362 [INFO] IPUIPlugin:80 - create IPUIPlugin
2024-09-05 20:16:24,362 [INFO] PluginManager:220 - loadIPPluginJar : add ddr_ctrl_phy
2024-09-05 20:16:24,365 [INFO] IPUIPlugin:80 - create IPUIPlugin
2024-09-05 20:16:24,366 [INFO] PluginManager:220 - loadIPPluginJar : add dfsdm
2024-09-05 20:16:24,374 [INFO] IPUIPlugin:80 - create IPUIPlugin
2024-09-05 20:16:24,374 [INFO] PluginManager:220 - loadIPPluginJar : add dma
2024-09-05 20:16:24,379 [INFO] IPUIPlugin:80 - create IPUIPlugin
2024-09-05 20:16:24,379 [INFO] PluginManager:220 - loadIPPluginJar : add dma3
2024-09-05 20:16:24,383 [INFO] IPUIPlugin:80 - create IPUIPlugin
2024-09-05 20:16:24,383 [INFO] PluginManager:220 - loadIPPluginJar : add extmemmanager
2024-09-05 20:16:24,386 [INFO] IPUIPlugin:80 - create IPUIPlugin
2024-09-05 20:16:24,387 [INFO] PluginManager:220 - loadIPPluginJar : add fatfs
2024-09-05 20:16:24,394 [INFO] IPUIPlugin:80 - create IPUIPlugin
2024-09-05 20:16:24,394 [INFO] PluginManager:220 - loadIPPluginJar : add fmc
2024-09-05 20:16:24,405 [INFO] IPUIPlugin:80 - create IPUIPlugin
2024-09-05 20:16:24,405 [INFO] PluginManager:220 - loadIPPluginJar : add freertos
2024-09-05 20:16:24,408 [INFO] IPUIPlugin:80 - create IPUIPlugin
2024-09-05 20:16:24,408 [INFO] PluginManager:220 - loadIPPluginJar : add genericplugin
2024-09-05 20:16:24,412 [INFO] IPUIPlugin:80 - create IPUIPlugin
2024-09-05 20:16:24,412 [INFO] PluginManager:220 - loadIPPluginJar : add gfxmmu
2024-09-05 20:16:24,419 [INFO] IPUIPlugin:80 - create IPUIPlugin
2024-09-05 20:16:24,419 [INFO] PluginManager:220 - loadIPPluginJar : add gic
2024-09-05 20:16:24,424 [INFO] IPUIPlugin:80 - create IPUIPlugin
2024-09-05 20:16:24,424 [INFO] PluginManager:220 - loadIPPluginJar : add gpio
2024-09-05 20:16:24,428 [INFO] IPUIPlugin:80 - create IPUIPlugin
2024-09-05 20:16:24,429 [INFO] PluginManager:220 - loadIPPluginJar : add gtzc
2024-09-05 20:16:24,432 [INFO] IPUIPlugin:80 - create IPUIPlugin
2024-09-05 20:16:24,432 [INFO] PluginManager:220 - loadIPPluginJar : add hash
2024-09-05 20:16:24,437 [INFO] IPUIPlugin:80 - create IPUIPlugin
2024-09-05 20:16:24,437 [INFO] PluginManager:220 - loadIPPluginJar : add i2c
2024-09-05 20:16:24,440 [INFO] IPUIPlugin:80 - create IPUIPlugin
2024-09-05 20:16:24,441 [INFO] PluginManager:220 - loadIPPluginJar : add i2s
2024-09-05 20:16:24,446 [INFO] IPUIPlugin:80 - create IPUIPlugin
2024-09-05 20:16:24,446 [INFO] PluginManager:220 - loadIPPluginJar : add i3c
2024-09-05 20:16:24,454 [INFO] IPUIPlugin:80 - create IPUIPlugin
2024-09-05 20:16:24,454 [INFO] PluginManager:220 - loadIPPluginJar : add ipddr
2024-09-05 20:16:24,464 [INFO] IPUIPlugin:80 - create IPUIPlugin
2024-09-05 20:16:24,465 [INFO] PluginManager:220 - loadIPPluginJar : add linkedlist
2024-09-05 20:16:24,471 [INFO] IPUIPlugin:80 - create IPUIPlugin
2024-09-05 20:16:24,471 [INFO] PluginManager:220 - loadIPPluginJar : add lorawan
2024-09-05 20:16:24,473 [INFO] IPUIPlugin:80 - create IPUIPlugin
2024-09-05 20:16:24,473 [INFO] PluginManager:220 - loadIPPluginJar : add ltdc
2024-09-05 20:16:24,481 [INFO] IPUIPlugin:80 - create IPUIPlugin
2024-09-05 20:16:24,481 [INFO] PluginManager:220 - loadIPPluginJar : add mdma
2024-09-05 20:16:24,485 [INFO] IPUIPlugin:80 - create IPUIPlugin
2024-09-05 20:16:24,486 [INFO] PluginManager:220 - loadIPPluginJar : add nvic
2024-09-05 20:16:24,489 [INFO] IPUIPlugin:80 - create IPUIPlugin
2024-09-05 20:16:24,489 [INFO] PluginManager:220 - loadIPPluginJar : add opamp
2024-09-05 20:16:24,496 [INFO] IPUIPlugin:80 - create IPUIPlugin
2024-09-05 20:16:24,496 [INFO] PluginManager:220 - loadIPPluginJar : add openamp
2024-09-05 20:16:24,501 [INFO] IPUIPlugin:80 - create IPUIPlugin
2024-09-05 20:16:24,501 [INFO] PluginManager:220 - loadIPPluginJar : add pdm2pcm
2024-09-05 20:16:24,508 [INFO] IPUIPlugin:80 - create IPUIPlugin
2024-09-05 20:16:24,513 [INFO] PluginManager:220 - loadIPPluginJar : add plateformsettings
2024-09-05 20:16:24,516 [INFO] IPUIPlugin:80 - create IPUIPlugin
2024-09-05 20:16:24,516 [INFO] PluginManager:220 - loadIPPluginJar : add quadspi
2024-09-05 20:16:24,519 [INFO] IPUIPlugin:80 - create IPUIPlugin
2024-09-05 20:16:24,520 [INFO] PluginManager:220 - loadIPPluginJar : add radio
2024-09-05 20:16:24,524 [INFO] IPUIPlugin:80 - create IPUIPlugin
2024-09-05 20:16:24,524 [INFO] PluginManager:220 - loadIPPluginJar : add resmgrutility
2024-09-05 20:16:24,529 [INFO] IPUIPlugin:80 - create IPUIPlugin
2024-09-05 20:16:24,529 [INFO] PluginManager:220 - loadIPPluginJar : add sai
2024-09-05 20:16:24,532 [INFO] IPUIPlugin:80 - create IPUIPlugin
2024-09-05 20:16:24,532 [INFO] PluginManager:220 - loadIPPluginJar : add spi
2024-09-05 20:16:24,539 [INFO] IPUIPlugin:80 - create IPUIPlugin
2024-09-05 20:16:24,539 [INFO] PluginManager:220 - loadIPPluginJar : add stm32_wpan
2024-09-05 20:16:24,542 [INFO] IPUIPlugin:80 - create IPUIPlugin
2024-09-05 20:16:24,543 [INFO] PluginManager:220 - loadIPPluginJar : add tim
2024-09-05 20:16:24,547 [INFO] IPUIPlugin:80 - create IPUIPlugin
2024-09-05 20:16:24,547 [INFO] PluginManager:220 - loadIPPluginJar : add touchsensing
2024-09-05 20:16:24,553 [INFO] IPUIPlugin:80 - create IPUIPlugin
2024-09-05 20:16:24,553 [INFO] PluginManager:220 - loadIPPluginJar : add tracer_emb
2024-09-05 20:16:24,557 [INFO] IPUIPlugin:80 - create IPUIPlugin
2024-09-05 20:16:24,557 [INFO] PluginManager:220 - loadIPPluginJar : add ts
2024-09-05 20:16:24,560 [INFO] IPUIPlugin:80 - create IPUIPlugin
2024-09-05 20:16:24,560 [INFO] PluginManager:220 - loadIPPluginJar : add tsc
2024-09-05 20:16:24,562 [INFO] IPUIPlugin:80 - create IPUIPlugin
2024-09-05 20:16:24,562 [INFO] PluginManager:220 - loadIPPluginJar : add ucpd
2024-09-05 20:16:24,566 [INFO] IPUIPlugin:80 - create IPUIPlugin
2024-09-05 20:16:24,566 [INFO] PluginManager:220 - loadIPPluginJar : add usart
2024-09-05 20:16:24,570 [INFO] IPUIPlugin:80 - create IPUIPlugin
2024-09-05 20:16:24,570 [INFO] PluginManager:220 - loadIPPluginJar : add usbx
2024-09-05 20:16:24,761 [INFO] CADModel:165 - CPN selected for project level
2024-09-05 20:16:24,762 [INFO] CADModel:114 - Register for checkConnection events
2024-09-05 20:16:24,762 [FATAL] Updater:334 - Updater called before beeing initialized
2024-09-05 20:16:24,762 [ERROR] CADModel:125 - Updater not yet initialized, retry later 
2024-09-05 20:16:24,929 [INFO] CADModel:165 - CPN selected for project level
2024-09-05 20:16:24,930 [INFO] CADModel:114 - Register for checkConnection events
2024-09-05 20:16:24,930 [FATAL] Updater:334 - Updater called before beeing initialized
2024-09-05 20:16:24,930 [ERROR] CADModel:125 - Updater not yet initialized, retry later 
2024-09-05 20:16:24,934 [FATAL] Updater:334 - Updater called before beeing initialized
2024-09-05 20:16:25,161 [FATAL] Updater:334 - Updater called before beeing initialized
2024-09-05 20:16:25,169 [INFO] DbMcusAds:53 - JSON generation date=Thu May 16 12:22:00 EEST 2024 (1715851320667)
2024-09-05 20:16:25,169 [FATAL] Updater:334 - Updater called before beeing initialized
2024-09-05 20:16:25,230 [WARN] DetailPanel:346 - Failed to get advertising image, set to default
2024-09-05 20:16:25,440 [FATAL] Updater:334 - Updater called before beeing initialized
2024-09-05 20:16:25,442 [FATAL] Updater:334 - Updater called before beeing initialized
2024-09-05 20:16:25,442 [FATAL] Updater:334 - Updater called before beeing initialized
2024-09-05 20:16:25,442 [WARN] DetailPanel:346 - Failed to get advertising image, set to default
2024-09-05 20:16:25,444 [FATAL] Updater:334 - Updater called before beeing initialized
2024-09-05 20:16:25,533 [ERROR] Updater:1164 - MainUpdater not yet initialized. External WinMGr cannot be set.
2024-09-05 20:16:25,535 [INFO] Updater:1100 - Updater Version found : 6.12.0
2024-09-05 20:16:25,565 [INFO] ApplicationProperties:184 - Using Application install path: D:\Programs\STM32CubeIDE_1.16.0\STM32CubeIDE\plugins\com.st.stm32cube.common.mx_6.12.0.202406281431
2024-09-05 20:16:26,169 [INFO] MainUpdater:2873 - connection check result : 10
2024-09-05 20:16:26,170 [INFO] MainUpdater:290 - Updater Check For Update Now.
2024-09-05 20:16:26,170 [INFO] MicroXplorer:498 - Change Database Version : DB.6.0.120
2024-09-05 20:16:26,178 [INFO] McuFinderGlobals:63 - Set McuFinder mode to 2 (CubeIDE integrated)
2024-09-05 20:16:26,179 [INFO] UserAuth:417 - Internet connection configuration mode: 1
2024-09-05 20:16:26,215 [INFO] JxBrowserEngine:152 - Initiate JxBrowser Engine with user profile folder
2024-09-05 20:16:26,369 [WARN] MainUpdater:1194 - Updater busy. Cannot search thirdparties
2024-09-05 20:16:26,369 [INFO] ThirdPartyUpdaterWithRetryManager:96 - Updater plugin is busy. [1/15]
2024-09-05 20:16:26,422 [INFO] CheckServerUpdateThread:120 - End of CheckServer Thread
2024-09-05 20:16:28,183 [INFO] WebApp:167 - Instantiating new browser for Auth
2024-09-05 20:16:29,822 [WARN] PackLoader:240 - Cannot read IP mode file for STMicroelectronics.FP-SNS-MOTENVWB1.1.4.0
2024-09-05 20:16:29,848 [WARN] PackLoader:240 - Cannot read IP mode file for STMicroelectronics.X-CUBE-SMBUS.2.1.0
2024-09-05 20:16:29,930 [WARN] PackLoader:240 - Cannot read IP mode file for STMicroelectronics.X-CUBE-AZRTOS-F7.1.1.0
2024-09-05 20:16:30,109 [WARN] PackLoader:240 - Cannot read IP mode file for STMicroelectronics.X-CUBE-MEMS1.11.0.0
2024-09-05 20:16:30,447 [WARN] PackLoader:240 - Cannot read IP mode file for STMicroelectronics.FP-SNS-FLIGHT1.5.0.2
2024-09-05 20:16:30,459 [WARN] PackLoader:240 - Cannot read IP mode file for STMicroelectronics.X-CUBE-DISPLAY.3.0.0
2024-09-05 20:16:30,476 [WARN] PackLoader:240 - Cannot read IP mode file for STMicroelectronics.X-CUBE-BLE1.7.0.0
2024-09-05 20:16:30,487 [WARN] PackLoader:240 - Cannot read IP mode file for emotas.I-CUBE-CANOPEN.1.3.0
2024-09-05 20:16:30,504 [WARN] PackLoader:240 - Cannot read IP mode file for STMicroelectronics.X-CUBE-BLEMGR.3.1.0
2024-09-05 20:16:30,519 [WARN] PackLoader:240 - Cannot read IP mode file for STMicroelectronics.FP-SNS-SMARTAG2.1.2.0
2024-09-05 20:16:30,536 [INFO] LogOutputStream:77 - [STDOUT_REDIRECT] 1 : Invalid condition id : UX_CORESTACK_Condition cause : null
2024-09-05 20:16:30,537 [INFO] LogOutputStream:77 - [STDOUT_REDIRECT] 1 : Invalid condition id : UX_CORESTACK_Condition cause : null
2024-09-05 20:16:30,542 [INFO] LogOutputStream:77 - [STDOUT_REDIRECT] 1 : Invalid condition id : UX_CORESTACK_Condition cause : null
2024-09-05 20:16:30,546 [INFO] LogOutputStream:77 - [STDOUT_REDIRECT] 1 : Invalid condition id : UX_CORESTACK_Condition cause : null
2024-09-05 20:16:30,550 [INFO] LogOutputStream:77 - [STDOUT_REDIRECT] 1 : Invalid condition id : UX_CORESTACK_Condition cause : null
2024-09-05 20:16:30,558 [WARN] PackLoader:240 - Cannot read IP mode file for STMicroelectronics.X-CUBE-AZRTOS-WL.2.0.0
2024-09-05 20:16:30,567 [WARN] PackLoader:240 - Cannot read IP mode file for STMicroelectronics.FP-SNS-MOTENV1.5.0.0
2024-09-05 20:16:30,578 [WARN] PackLoader:240 - Cannot read IP mode file for wolfSSL.I-CUBE-wolfMQTT.1.19.0
2024-09-05 20:16:30,590 [WARN] PackLoader:240 - Cannot read IP mode file for WES.I-CUBE-Cesium.1.3.0
2024-09-05 20:16:30,598 [WARN] PackLoader:240 - Cannot read IP mode file for STMicroelectronics.X-CUBE-BLE2.3.3.0
2024-09-05 20:16:30,608 [WARN] PackLoader:240 - Cannot read IP mode file for STMicroelectronics.X-CUBE-TCPP.4.1.0
2024-09-05 20:16:30,635 [WARN] PackLoader:240 - Cannot read IP mode file for STMicroelectronics.X-CUBE-AZRTOS-G0.1.1.0
2024-09-05 20:16:30,647 [WARN] PackLoader:240 - Cannot read IP mode file for STMicroelectronics.X-CUBE-SAFEA1.1.2.2
2024-09-05 20:16:30,657 [WARN] PackLoader:240 - Cannot read IP mode file for STMicroelectronics.X-CUBE-NFC4.3.0.0
2024-09-05 20:16:30,676 [WARN] PackLoader:240 - Cannot read IP mode file for EmbeddedOffice.I-CUBE-FS-RTOS.1.0.1
2024-09-05 20:16:30,676 [ERROR] ConditionMgr:805 - Attr not supported : Dmpu
2024-09-05 20:16:30,677 [ERROR] ConditionMgr:805 - Attr not supported : Dmpu
2024-09-05 20:16:30,677 [ERROR] ConditionMgr:805 - Attr not supported : Dmpu
2024-09-05 20:16:30,677 [ERROR] ConditionMgr:805 - Attr not supported : Dmpu
2024-09-05 20:16:30,677 [ERROR] ConditionMgr:805 - Attr not supported : Dmpu
2024-09-05 20:16:30,677 [ERROR] ConditionMgr:805 - Attr not supported : Dmpu
2024-09-05 20:16:30,678 [ERROR] ConditionMgr:805 - Attr not supported : Dmpu
2024-09-05 20:16:30,678 [ERROR] ConditionMgr:805 - Attr not supported : Dmpu
2024-09-05 20:16:30,678 [ERROR] ConditionMgr:805 - Attr not supported : Dmpu
2024-09-05 20:16:30,678 [ERROR] ConditionMgr:805 - Attr not supported : Dmpu
2024-09-05 20:16:30,678 [ERROR] ConditionMgr:805 - Attr not supported : Dmpu
2024-09-05 20:16:30,678 [ERROR] ConditionMgr:805 - Attr not supported : Dmpu
2024-09-05 20:16:30,679 [ERROR] ConditionMgr:805 - Attr not supported : Dmpu
2024-09-05 20:16:30,679 [ERROR] ConditionMgr:805 - Attr not supported : Dmpu
2024-09-05 20:16:30,679 [ERROR] ConditionMgr:805 - Attr not supported : Dmpu
2024-09-05 20:16:30,679 [ERROR] ConditionMgr:805 - Attr not supported : Dmpu
2024-09-05 20:16:30,679 [ERROR] ConditionMgr:805 - Attr not supported : Dmpu
2024-09-05 20:16:30,680 [ERROR] ConditionMgr:805 - Attr not supported : Dmpu
2024-09-05 20:16:30,680 [ERROR] ConditionMgr:805 - Attr not supported : Dmpu
2024-09-05 20:16:30,680 [ERROR] ConditionMgr:805 - Attr not supported : Dmpu
2024-09-05 20:16:30,680 [ERROR] ConditionMgr:805 - Attr not supported : Dmpu
2024-09-05 20:16:30,680 [ERROR] ConditionMgr:805 - Attr not supported : Dmpu
2024-09-05 20:16:30,680 [ERROR] ConditionMgr:805 - Attr not supported : Dmpu
2024-09-05 20:16:30,681 [ERROR] ConditionMgr:805 - Attr not supported : Dmpu
2024-09-05 20:16:30,681 [ERROR] ConditionMgr:805 - Attr not supported : Dmpu
2024-09-05 20:16:30,681 [ERROR] ConditionMgr:805 - Attr not supported : Dmpu
2024-09-05 20:16:30,681 [ERROR] ConditionMgr:805 - Attr not supported : Dmpu
2024-09-05 20:16:30,681 [ERROR] ConditionMgr:805 - Attr not supported : Dmpu
2024-09-05 20:16:30,681 [ERROR] ConditionMgr:805 - Attr not supported : Dmpu
2024-09-05 20:16:30,681 [ERROR] ConditionMgr:805 - Attr not supported : Dmpu
2024-09-05 20:16:30,681 [ERROR] ConditionMgr:805 - Attr not supported : Dmpu
2024-09-05 20:16:30,681 [ERROR] ConditionMgr:805 - Attr not supported : Dmpu
2024-09-05 20:16:30,681 [ERROR] ConditionMgr:805 - Attr not supported : Dmpu
2024-09-05 20:16:30,682 [ERROR] ConditionMgr:805 - Attr not supported : Dmpu
2024-09-05 20:16:30,682 [ERROR] ConditionMgr:805 - Attr not supported : Dmpu
2024-09-05 20:16:30,682 [ERROR] ConditionMgr:805 - Attr not supported : Dmpu
2024-09-05 20:16:30,682 [ERROR] ConditionMgr:805 - Attr not supported : Dmpu
2024-09-05 20:16:30,682 [ERROR] ConditionMgr:805 - Attr not supported : Dmpu
2024-09-05 20:16:30,682 [ERROR] ConditionMgr:805 - Attr not supported : Dmpu
2024-09-05 20:16:30,684 [ERROR] ConditionMgr:805 - Attr not supported : Dmpu
2024-09-05 20:16:30,684 [ERROR] ConditionMgr:805 - Attr not supported : Dmpu
2024-09-05 20:16:30,684 [ERROR] ConditionMgr:805 - Attr not supported : Dmpu
2024-09-05 20:16:30,684 [ERROR] ConditionMgr:805 - Attr not supported : Dmpu
2024-09-05 20:16:30,684 [ERROR] ConditionMgr:805 - Attr not supported : Dmpu
2024-09-05 20:16:30,685 [ERROR] ConditionMgr:805 - Attr not supported : Dmpu
2024-09-05 20:16:30,685 [ERROR] ConditionMgr:805 - Attr not supported : Dmpu
2024-09-05 20:16:30,685 [ERROR] ConditionMgr:805 - Attr not supported : Dmpu
2024-09-05 20:16:30,685 [ERROR] ConditionMgr:805 - Attr not supported : Dmpu
2024-09-05 20:16:30,685 [ERROR] ConditionMgr:805 - Attr not supported : Dmpu
2024-09-05 20:16:30,686 [ERROR] ConditionMgr:805 - Attr not supported : Dmpu
2024-09-05 20:16:30,686 [ERROR] ConditionMgr:805 - Attr not supported : Dmpu
2024-09-05 20:16:30,686 [ERROR] ConditionMgr:805 - Attr not supported : Dmpu
2024-09-05 20:16:30,686 [ERROR] ConditionMgr:805 - Attr not supported : Dmpu
2024-09-05 20:16:30,686 [ERROR] ConditionMgr:805 - Attr not supported : Dmpu
2024-09-05 20:16:30,686 [ERROR] ConditionMgr:805 - Attr not supported : Dmpu
2024-09-05 20:16:30,686 [ERROR] ConditionMgr:805 - Attr not supported : Dmpu
2024-09-05 20:16:30,687 [ERROR] ConditionMgr:805 - Attr not supported : Dmpu
2024-09-05 20:16:30,687 [ERROR] ConditionMgr:805 - Attr not supported : Dmpu
2024-09-05 20:16:30,687 [ERROR] ConditionMgr:805 - Attr not supported : Dmpu
2024-09-05 20:16:30,687 [ERROR] ConditionMgr:805 - Attr not supported : Dmpu
2024-09-05 20:16:30,687 [ERROR] ConditionMgr:805 - Attr not supported : Dmpu
2024-09-05 20:16:30,687 [ERROR] ConditionMgr:805 - Attr not supported : Dmpu
2024-09-05 20:16:30,687 [ERROR] ConditionMgr:805 - Attr not supported : Dmpu
2024-09-05 20:16:30,688 [ERROR] ConditionMgr:805 - Attr not supported : Dmpu
2024-09-05 20:16:30,696 [WARN] PackLoader:240 - Cannot read IP mode file for RealThread.X-CUBE-RT-Thread_Nano.4.1.1
2024-09-05 20:16:30,704 [WARN] PackLoader:240 - Cannot read IP mode file for STMicroelectronics.FP-ATR-SIGFOX1.3.2.0
2024-09-05 20:16:30,711 [WARN] PackLoader:240 - Cannot read IP mode file for wolfSSL.I-CUBE-wolfSSL.5.7.2
2024-09-05 20:16:30,720 [WARN] PackLoader:240 - Cannot read IP mode file for STMicroelectronics.X-CUBE-EEPRMA1.5.1.0
2024-09-05 20:16:30,733 [WARN] PackLoader:240 - Cannot read IP mode file for ITTIA_DB.I-CUBE-ITTIADB.8.9.0
2024-09-05 20:16:30,771 [WARN] PackLoader:240 - Cannot read IP mode file for SEGGER.I-CUBE-embOS.1.3.1
2024-09-05 20:16:30,840 [WARN] PackLoader:240 - Cannot read IP mode file for STMicroelectronics.X-CUBE-ALGOBUILD.1.4.0
2024-09-05 20:16:30,849 [WARN] PackLoader:240 - Cannot read IP mode file for STMicroelectronics.X-CUBE-GNSS1.6.0.0
2024-09-05 20:16:30,874 [WARN] PackLoader:240 - Cannot read IP mode file for STMicroelectronics.X-CUBE-AZRTOS-F4.1.1.0
2024-09-05 20:16:30,886 [WARN] PackLoader:240 - Cannot read IP mode file for STMicroelectronics.X-CUBE-FREERTOS.1.2.0
2024-09-05 20:16:30,915 [WARN] PackLoader:240 - Cannot read IP mode file for STMicroelectronics.X-CUBE-AZRTOS-L5.2.0.0
2024-09-05 20:16:30,929 [WARN] PackLoader:240 - Cannot read IP mode file for STMicroelectronics.X-CUBE-NFC6.3.1.0
2024-09-05 20:16:30,941 [WARN] PackLoader:240 - Cannot read IP mode file for STMicroelectronics.X-CUBE-DPower.1.2.0
2024-09-05 20:16:30,949 [WARN] PackLoader:240 - Cannot read IP mode file for STMicroelectronics.X-CUBE-AI.9.0.0
2024-09-05 20:16:30,958 [WARN] PackLoader:240 - Cannot read IP mode file for STMicroelectronics.X-CUBE-NFC7.1.0.1
2024-09-05 20:16:30,958 [INFO] WebApp:448 - Apply proxy settings
2024-09-05 20:16:30,959 [INFO] WebApp:533 - Chromium requires no authentication
2024-09-05 20:16:30,966 [WARN] PackLoader:240 - Cannot read IP mode file for wolfSSL.I-CUBE-wolfTPM.3.2.0
2024-09-05 20:16:30,973 [INFO] WebApp:476 - Direct internet connection detected
2024-09-05 20:16:30,991 [WARN] ConditionMgr:438 - getConditionDescription Invalid condition id : LAN8742 Phy interface Condition cause : null
2024-09-05 20:16:30,992 [WARN] PackLoader:240 - Cannot read IP mode file for STMicroelectronics.X-CUBE-AZRTOS-L4.2.0.0
2024-09-05 20:16:30,994 [WARN] ConditionMgr:1039 - genDependencies : Invalid condition id : LAN8742 Phy interface Condition cause : null
2024-09-05 20:16:30,994 [WARN] ConditionMgr:1039 - genDependencies : Invalid condition id : LAN8742 Phy interface Condition cause : null
2024-09-05 20:16:30,995 [WARN] ConditionMgr:1039 - genDependencies : Invalid condition id : LAN8742 Phy interface Condition cause : null
2024-09-05 20:16:31,009 [WARN] PackLoader:240 - Cannot read IP mode file for STMicroelectronics.X-CUBE-SFXS2LP1.4.0.0
2024-09-05 20:16:31,019 [INFO] WebApp:869 - Register for checkConnection events
2024-09-05 20:16:31,019 [INFO] WebApp:448 - Apply proxy settings
2024-09-05 20:16:31,019 [INFO] WebApp:533 - Chromium requires no authentication
2024-09-05 20:16:31,020 [INFO] WebApp:476 - Direct internet connection detected
2024-09-05 20:16:31,040 [WARN] PackLoader:240 - Cannot read IP mode file for STMicroelectronics.X-CUBE-AZRTOS-H7.3.3.0
2024-09-05 20:16:31,071 [WARN] ConditionMgr:438 - getConditionDescription Invalid condition id : UX DEVICE CLASS RTOS Condition cause : null
2024-09-05 20:16:31,071 [WARN] ConditionMgr:438 - getConditionDescription Invalid condition id : UX DEVICE CLASS RTOS Condition cause : null
2024-09-05 20:16:31,073 [WARN] PackLoader:240 - Cannot read IP mode file for STMicroelectronics.X-CUBE-AZRTOS-WB.2.0.0
2024-09-05 20:16:31,074 [WARN] ConditionMgr:1039 - genDependencies : Invalid condition id : UX DEVICE CLASS RTOS Condition cause : null
2024-09-05 20:16:31,075 [WARN] ConditionMgr:1039 - genDependencies : Invalid condition id : UX DEVICE CLASS RTOS Condition cause : null
2024-09-05 20:16:31,076 [WARN] ConditionMgr:1039 - genDependencies : Invalid condition id : UX DEVICE CLASS RTOS Condition cause : null
2024-09-05 20:16:31,076 [WARN] ConditionMgr:1039 - genDependencies : Invalid condition id : UX DEVICE CLASS RTOS Condition cause : null
2024-09-05 20:16:31,077 [WARN] ConditionMgr:1039 - genDependencies : Invalid condition id : UX DEVICE CLASS RTOS Condition cause : null
2024-09-05 20:16:31,087 [WARN] PackLoader:240 - Cannot read IP mode file for STMicroelectronics.FP-SNS-STBOX1.2.0.0
2024-09-05 20:16:31,104 [WARN] PackLoader:240 - Cannot read IP mode file for STMicroelectronics.X-CUBE-SUBG2.5.0.0
2024-09-05 20:16:31,119 [WARN] PackLoader:240 - Cannot read IP mode file for Cesanta.I-CUBE-Mongoose.7.13.0
2024-09-05 20:16:31,155 [WARN] PackLoader:240 - Cannot read IP mode file for STMicroelectronics.X-CUBE-AZRTOS-G4.2.0.0
2024-09-05 20:16:31,165 [WARN] PackLoader:240 - Cannot read IP mode file for STMicroelectronics.X-CUBE-ISPU.2.0.0
2024-09-05 20:16:31,176 [WARN] PackLoader:240 - Cannot read IP mode file for STMicroelectronics.X-CUBE-ALS.1.0.2
2024-09-05 20:16:31,186 [WARN] PackLoader:240 - Cannot read IP mode file for STMicroelectronics.X-CUBE-TOUCHGFX.4.24.0
2024-09-05 20:16:31,196 [WARN] PackLoader:240 - Cannot read IP mode file for portGmbH.I-Cube-SoM-uGOAL.1.1.0
2024-09-05 20:16:31,222 [WARN] PackLoader:240 - Cannot read IP mode file for STMicroelectronics.X-CUBE-AZRTOS-H7RS.1.0.0
2024-09-05 20:16:31,232 [WARN] PackLoader:240 - Cannot read IP mode file for STMicroelectronics.FP-ATR-ASTRA1.2.0.0
2024-09-05 20:16:31,246 [WARN] PackLoader:240 - Cannot read IP mode file for STMicroelectronics.X-CUBE-TOF1.3.4.2
2024-09-05 20:16:31,303 [WARN] PackLoader:240 - Cannot read IP mode file for Infineon.AIROC-Wi-Fi-Bluetooth-STM32.1.6.1
2024-09-05 20:16:31,317 [WARN] PackLoader:240 - Cannot read IP mode file for wolfSSL.I-CUBE-wolfSSH.1.4.17
2024-09-05 20:16:31,318 [INFO] ThirdParty:978 - Integrity check success = true
2024-09-05 20:16:31,318 [INFO] IntegrityCheckThread:100 - exiting critical section [integrity check]
2024-09-05 20:16:31,319 [INFO] IntegrityCheckThread:103 - End integrity checks thread
2024-09-05 20:16:31,373 [INFO] WebApp:186 - Connection restablished
2024-09-05 20:16:31,441 [INFO] WebApp:220 - Starting web application
2024-09-05 20:16:31,441 [INFO] WebApp:578 - Web application path used D:\Programs\STM32CubeIDE_1.16.0\STM32CubeIDE\plugins\com.st.stm32cube.common.mx_6.12.0.202406281431\db\plugins\mcufinder\reactClient1\index.html
2024-09-05 20:16:31,612 [INFO] UserAuth:417 - Internet connection configuration mode: 1
2024-09-05 20:29:59,336 [ERROR] LogOutputStream:75 - [STDERR_REDIRECT] 
