2024-09-08 08:36:29,888 [INFO] Activator:176 - 


2024-09-08 08:36:29,929 [INFO] Activator:177 - !SESSION log4j initialized
2024-09-08 08:36:38,473 [INFO] LogOutputStream:77 - [STDOUT_REDIRECT] 
2024-09-08 08:36:52,371 [INFO] ApplicationProperties:184 - Using Application install path: D:\Programs\STM32CubeIDE_1.16.0\STM32CubeIDE\plugins\com.st.stm32cube.common.mx_6.12.0.202406281431
2024-09-08 08:36:52,415 [INFO] DbMcusXml:78 - Set database path to: D:\Programs\STM32CubeIDE_1.16.0\STM32CubeIDE\plugins\com.st.stm32cube.common.mx_6.12.0.202406281431\\db\/mcu/
2024-09-08 08:36:52,415 [INFO] ApiDb:274 - Set plugin database path to: D:\Programs\STM32CubeIDE_1.16.0\STM32CubeIDE\plugins\com.st.stm32cube.common.mx_6.12.0.202406281431\\db\/plugins/boardmanager/
2024-09-08 08:36:52,439 [WARN] ApiDb:259 - Overriding images path with different value:  => D:\Programs\STM32CubeIDE_1.16.0\STM32CubeIDE\plugins\com.st.stm32cube.common.mx_6.12.0.202406281431\\db\/plugins/mcufinder/images/
2024-09-08 08:36:52,484 [INFO] ApiDb:250 - Set database path to: C:\Users\lenovo\.stmcufinder\plugins\mcufinder//mcu/
2024-09-08 08:36:52,485 [INFO] DbMcusAds:125 - Set database path to: C:\Users\lenovo\.stmcufinder\plugins\mcufinder//mcu/
2024-09-08 08:36:52,501 [INFO] CrossReferenceDbSqlite:203 - Set database path to: C:\Users\lenovo\.stmcufinder\plugins\mcufinder//mcu/cs/
2024-09-08 08:36:52,729 [INFO] RulesReader:64 - Compatibility file has been processed (297 Rules)
2024-09-08 08:36:52,981 [INFO] DbMcusXml:78 - Set database path to: D:\Programs\STM32CubeIDE_1.16.0\STM32CubeIDE\plugins\com.st.stm32cube.common.mx_6.12.0.202406281431\\db\/mcu/
2024-09-08 08:36:52,981 [INFO] ApiDb:274 - Set plugin database path to: D:\Programs\STM32CubeIDE_1.16.0\STM32CubeIDE\plugins\com.st.stm32cube.common.mx_6.12.0.202406281431\\db\/plugins/boardmanager/
2024-09-08 08:36:52,982 [INFO] ApiDb:261 - Set plugin images path to: D:\Programs\STM32CubeIDE_1.16.0\STM32CubeIDE\plugins\com.st.stm32cube.common.mx_6.12.0.202406281431\\db\/plugins/mcufinder/images/
2024-09-08 08:36:52,982 [WARN] DbFile:41 - Overriding database path with different value: C:\Users\lenovo\.stmcufinder\plugins\mcufinder/ => C:\Users\lenovo\.stmcufinder\plugins\mcufinder
2024-09-08 08:36:52,982 [INFO] ApiDb:250 - Set database path to: C:\Users\lenovo\.stmcufinder\plugins\mcufinder//mcu/
2024-09-08 08:36:52,982 [WARN] DbFile:41 - Overriding database path with different value: C:\Users\lenovo\.stmcufinder\plugins\mcufinder/ => C:\Users\lenovo\.stmcufinder\plugins\mcufinder
2024-09-08 08:36:52,983 [INFO] DbMcusAds:125 - Set database path to: C:\Users\lenovo\.stmcufinder\plugins\mcufinder//mcu/
2024-09-08 08:36:52,983 [WARN] DbFile:41 - Overriding database path with different value: C:\Users\lenovo\.stmcufinder\plugins\mcufinder/ => C:\Users\lenovo\.stmcufinder\plugins\mcufinder
2024-09-08 08:36:52,983 [WARN] DbFile:41 - Overriding database path with different value: C:\Users\lenovo\.stmcufinder\plugins\mcufinder/ => C:\Users\lenovo\.stmcufinder\plugins\mcufinder
2024-09-08 08:36:52,983 [INFO] CrossReferenceDbSqlite:203 - Set database path to: C:\Users\lenovo\.stmcufinder\plugins\mcufinder//mcu/cs/
2024-09-08 08:36:53,245 [INFO] MainPanel:268 - HeapMemory: 268435456
2024-09-08 08:36:53,460 [INFO] DbMcusXml:78 - Set database path to: D:\Programs\STM32CubeIDE_1.16.0\STM32CubeIDE\plugins\com.st.stm32cube.common.mx_6.12.0.202406281431\\db\/mcu/
2024-09-08 08:36:53,460 [INFO] ApiDb:274 - Set plugin database path to: D:\Programs\STM32CubeIDE_1.16.0\STM32CubeIDE\plugins\com.st.stm32cube.common.mx_6.12.0.202406281431\\db\/plugins/boardmanager/
2024-09-08 08:36:53,461 [INFO] ApiDb:261 - Set plugin images path to: D:\Programs\STM32CubeIDE_1.16.0\STM32CubeIDE\plugins\com.st.stm32cube.common.mx_6.12.0.202406281431\\db\/plugins/mcufinder/images/
2024-09-08 08:36:53,461 [WARN] DbFile:41 - Overriding database path with different value: C:\Users\lenovo\.stmcufinder\plugins\mcufinder/ => C:\Users\lenovo\.stmcufinder\plugins\mcufinder
2024-09-08 08:36:53,461 [INFO] ApiDb:250 - Set database path to: C:\Users\lenovo\.stmcufinder\plugins\mcufinder//mcu/
2024-09-08 08:36:53,461 [WARN] DbFile:41 - Overriding database path with different value: C:\Users\lenovo\.stmcufinder\plugins\mcufinder/ => C:\Users\lenovo\.stmcufinder\plugins\mcufinder
2024-09-08 08:36:53,461 [INFO] DbMcusAds:125 - Set database path to: C:\Users\lenovo\.stmcufinder\plugins\mcufinder//mcu/
2024-09-08 08:36:53,461 [WARN] DbFile:41 - Overriding database path with different value: C:\Users\lenovo\.stmcufinder\plugins\mcufinder/ => C:\Users\lenovo\.stmcufinder\plugins\mcufinder
2024-09-08 08:36:53,462 [WARN] DbFile:41 - Overriding database path with different value: C:\Users\lenovo\.stmcufinder\plugins\mcufinder/ => C:\Users\lenovo\.stmcufinder\plugins\mcufinder
2024-09-08 08:36:53,462 [INFO] CrossReferenceDbSqlite:203 - Set database path to: C:\Users\lenovo\.stmcufinder\plugins\mcufinder//mcu/cs/
2024-09-08 08:36:53,506 [INFO] ApplicationProperties:184 - Using Application install path: D:\Programs\STM32CubeIDE_1.16.0\STM32CubeIDE\plugins\com.st.stm32cube.common.mx_6.12.0.202406281431
2024-09-08 08:36:53,508 [INFO] PluginManage:196 - Search for loadable plugins [exclusion list=, ]
2024-09-08 08:36:53,510 [INFO] PluginManage:310 - Check plugin analytics
2024-09-08 08:36:53,759 [INFO] AnalyticsPlugin:253 - Accepted Software Licenses: STM32CubeMX.6.12.0
2024-09-08 08:36:53,759 [INFO] AnalyticsPlugin:255 - Accepted CMSIS Pack Licenses: 
2024-09-08 08:36:53,760 [INFO] AnalyticsPlugin:257 - Accepted Firmware Licenses: FW.F4.1.28.0
2024-09-08 08:36:53,765 [INFO] PluginManage:359 - Loaded plugin analytics (category:tool,tabindex:-1)
2024-09-08 08:36:53,765 [INFO] PluginManage:310 - Check plugin cadmodel
2024-09-08 08:36:53,854 [INFO] CADModel:105 - Init CAD model plugin
2024-09-08 08:36:53,855 [INFO] PluginManage:359 - Loaded plugin cadmodel (category:power,tabindex:5)
2024-09-08 08:36:53,855 [INFO] PluginManage:310 - Check plugin clock
2024-09-08 08:36:53,938 [INFO] PluginManage:359 - Loaded plugin clock (category:base,tabindex:2)
2024-09-08 08:36:53,938 [INFO] PluginManage:310 - Check plugin ddr
2024-09-08 08:36:53,951 [INFO] PluginManage:359 - Loaded plugin ddr (category:tool,tabindex:6)
2024-09-08 08:36:53,951 [INFO] PluginManage:310 - Check plugin filemanager
2024-09-08 08:36:54,197 [INFO] PluginManage:359 - Loaded plugin filemanager (category:base,tabindex:10)
2024-09-08 08:36:54,197 [INFO] PluginManage:310 - Check plugin ipmanager
2024-09-08 08:36:54,220 [INFO] PluginManage:359 - Loaded plugin ipmanager (category:base,tabindex:5)
2024-09-08 08:36:54,220 [INFO] PluginManage:310 - Check plugin lpbam
2024-09-08 08:36:54,312 [INFO] PluginManage:359 - Loaded plugin lpbam (category:base,tabindex:0)
2024-09-08 08:36:54,312 [INFO] PluginManage:310 - Check plugin memorymap
2024-09-08 08:36:54,368 [INFO] PluginManage:359 - Loaded plugin memorymap (category:base,tabindex:4)
2024-09-08 08:36:54,369 [INFO] PluginManage:310 - Check plugin pinoutandconfiguration
2024-09-08 08:36:54,461 [INFO] PluginManage:359 - Loaded plugin pinoutandconfiguration (category:base,tabindex:1)
2024-09-08 08:36:54,462 [INFO] PluginManage:310 - Check plugin pinoutconfig
2024-09-08 08:36:54,646 [WARN] SupportedApi:132 - Cannot load RTOS API schema: s4s-elt-must-match.1: The content of 'definitions' must match (annotation?, (simpleType | complexType)?, (unique | key | keyref)*)). A problem was found starting at: attribute.
2024-09-08 08:36:54,842 [INFO] PluginManage:359 - Loaded plugin pinoutconfig (category:base,tabindex:0)
2024-09-08 08:36:54,842 [INFO] PluginManage:310 - Check plugin power
2024-09-08 08:36:54,948 [INFO] PluginManage:359 - Loaded plugin power (category:power,tabindex:4)
2024-09-08 08:36:54,948 [INFO] PluginManage:310 - Check plugin projectmanager
2024-09-08 08:36:54,976 [INFO] PluginManage:359 - Loaded plugin projectmanager (category:projectmanager,tabindex:4)
2024-09-08 08:36:54,977 [INFO] PluginManage:310 - Check plugin rif
2024-09-08 08:36:55,034 [INFO] PluginManage:359 - Loaded plugin rif (category:base,tabindex:3)
2024-09-08 08:36:55,035 [INFO] PluginManage:310 - Check plugin thirdparty
2024-09-08 08:36:55,429 [INFO] PluginManage:359 - Loaded plugin thirdparty (category:base,tabindex:-1)
2024-09-08 08:36:55,429 [WARN] IntegrityCheckThread:84 - waiting for thirdparty lock release [integrity check]
2024-09-08 08:36:55,430 [INFO] PluginManage:310 - Check plugin tools
2024-09-08 08:36:55,430 [INFO] IntegrityCheckThread:86 - entering critical section [integrity check]
2024-09-08 08:36:55,430 [INFO] ThirdPartyUpdaterWithRetryManager:70 - Updater plugin not ready yet. [1/15]
2024-09-08 08:36:55,443 [INFO] PluginManage:359 - Loaded plugin tools (category:base,tabindex:7)
2024-09-08 08:36:55,443 [INFO] PluginManage:310 - Check plugin tutovideos
2024-09-08 08:36:55,806 [INFO] PluginManage:359 - Loaded plugin tutovideos (category:base,tabindex:-1)
2024-09-08 08:36:55,807 [INFO] PluginManage:310 - Check plugin updater
2024-09-08 08:36:55,853 [INFO] PluginManage:359 - Loaded plugin updater (category:base,tabindex:12)
2024-09-08 08:36:55,853 [INFO] PluginManage:310 - Check plugin userauth
2024-09-08 08:36:55,878 [INFO] UserAuth:113 - Init User Auth plugin
2024-09-08 08:36:55,878 [INFO] PluginManage:359 - Loaded plugin userauth (category:base,tabindex:14)
2024-09-08 08:36:55,879 [INFO] PluginManage:283 - PluginManage : Loaded plugins [18]
2024-09-08 08:36:56,272 [INFO] PinOutPanel:1561 - setPackage(No Configuration,No Configuration)
2024-09-08 08:36:56,462 [INFO] CADModel:165 - CPN selected for project level
2024-09-08 08:36:56,462 [INFO] CADModel:114 - Register for checkConnection events
2024-09-08 08:36:56,525 [INFO] IPUIPlugin:80 - create IPUIPlugin
2024-09-08 08:36:56,525 [INFO] PluginManager:220 - loadIPPluginJar : add adc
2024-09-08 08:36:56,533 [INFO] IPUIPlugin:80 - create IPUIPlugin
2024-09-08 08:36:56,534 [INFO] PluginManager:220 - loadIPPluginJar : add aes
2024-09-08 08:36:56,542 [INFO] IPUIPlugin:80 - create IPUIPlugin
2024-09-08 08:36:56,543 [INFO] PluginManager:220 - loadIPPluginJar : add can
2024-09-08 08:36:56,550 [INFO] IPUIPlugin:80 - create IPUIPlugin
2024-09-08 08:36:56,550 [INFO] PluginManager:220 - loadIPPluginJar : add comp
2024-09-08 08:36:56,559 [INFO] IPUIPlugin:80 - create IPUIPlugin
2024-09-08 08:36:56,560 [INFO] PluginManager:220 - loadIPPluginJar : add cryp
2024-09-08 08:36:56,571 [INFO] IPUIPlugin:80 - create IPUIPlugin
2024-09-08 08:36:56,571 [INFO] PluginManager:220 - loadIPPluginJar : add ddr_ctrl_phy
2024-09-08 08:36:56,578 [INFO] IPUIPlugin:80 - create IPUIPlugin
2024-09-08 08:36:56,578 [INFO] PluginManager:220 - loadIPPluginJar : add dfsdm
2024-09-08 08:36:56,594 [INFO] IPUIPlugin:80 - create IPUIPlugin
2024-09-08 08:36:56,594 [INFO] PluginManager:220 - loadIPPluginJar : add dma
2024-09-08 08:36:56,601 [INFO] IPUIPlugin:80 - create IPUIPlugin
2024-09-08 08:36:56,601 [INFO] PluginManager:220 - loadIPPluginJar : add dma3
2024-09-08 08:36:56,609 [INFO] IPUIPlugin:80 - create IPUIPlugin
2024-09-08 08:36:56,609 [INFO] PluginManager:220 - loadIPPluginJar : add extmemmanager
2024-09-08 08:36:56,615 [INFO] IPUIPlugin:80 - create IPUIPlugin
2024-09-08 08:36:56,615 [INFO] PluginManager:220 - loadIPPluginJar : add fatfs
2024-09-08 08:36:56,626 [INFO] IPUIPlugin:80 - create IPUIPlugin
2024-09-08 08:36:56,627 [INFO] PluginManager:220 - loadIPPluginJar : add fmc
2024-09-08 08:36:56,675 [INFO] IPUIPlugin:80 - create IPUIPlugin
2024-09-08 08:36:56,675 [INFO] PluginManager:220 - loadIPPluginJar : add freertos
2024-09-08 08:36:56,679 [INFO] IPUIPlugin:80 - create IPUIPlugin
2024-09-08 08:36:56,679 [INFO] PluginManager:220 - loadIPPluginJar : add genericplugin
2024-09-08 08:36:56,691 [INFO] IPUIPlugin:80 - create IPUIPlugin
2024-09-08 08:36:56,692 [INFO] PluginManager:220 - loadIPPluginJar : add gfxmmu
2024-09-08 08:36:56,707 [INFO] IPUIPlugin:80 - create IPUIPlugin
2024-09-08 08:36:56,708 [INFO] PluginManager:220 - loadIPPluginJar : add gic
2024-09-08 08:36:56,735 [INFO] IPUIPlugin:80 - create IPUIPlugin
2024-09-08 08:36:56,735 [INFO] PluginManager:220 - loadIPPluginJar : add gpio
2024-09-08 08:36:56,753 [INFO] IPUIPlugin:80 - create IPUIPlugin
2024-09-08 08:36:56,754 [INFO] PluginManager:220 - loadIPPluginJar : add gtzc
2024-09-08 08:36:56,763 [INFO] IPUIPlugin:80 - create IPUIPlugin
2024-09-08 08:36:56,763 [INFO] PluginManager:220 - loadIPPluginJar : add hash
2024-09-08 08:36:56,775 [INFO] IPUIPlugin:80 - create IPUIPlugin
2024-09-08 08:36:56,776 [INFO] PluginManager:220 - loadIPPluginJar : add i2c
2024-09-08 08:36:56,788 [INFO] IPUIPlugin:80 - create IPUIPlugin
2024-09-08 08:36:56,788 [INFO] PluginManager:220 - loadIPPluginJar : add i2s
2024-09-08 08:36:56,799 [INFO] IPUIPlugin:80 - create IPUIPlugin
2024-09-08 08:36:56,799 [INFO] PluginManager:220 - loadIPPluginJar : add i3c
2024-09-08 08:36:56,820 [INFO] IPUIPlugin:80 - create IPUIPlugin
2024-09-08 08:36:56,821 [INFO] PluginManager:220 - loadIPPluginJar : add ipddr
2024-09-08 08:36:56,862 [INFO] IPUIPlugin:80 - create IPUIPlugin
2024-09-08 08:36:56,862 [INFO] PluginManager:220 - loadIPPluginJar : add linkedlist
2024-09-08 08:36:56,874 [INFO] IPUIPlugin:80 - create IPUIPlugin
2024-09-08 08:36:56,875 [INFO] PluginManager:220 - loadIPPluginJar : add lorawan
2024-09-08 08:36:56,888 [INFO] IPUIPlugin:80 - create IPUIPlugin
2024-09-08 08:36:56,888 [INFO] PluginManager:220 - loadIPPluginJar : add ltdc
2024-09-08 08:36:56,934 [INFO] IPUIPlugin:80 - create IPUIPlugin
2024-09-08 08:36:56,935 [INFO] PluginManager:220 - loadIPPluginJar : add mdma
2024-09-08 08:36:56,979 [INFO] IPUIPlugin:80 - create IPUIPlugin
2024-09-08 08:36:56,980 [INFO] PluginManager:220 - loadIPPluginJar : add nvic
2024-09-08 08:36:56,989 [INFO] IPUIPlugin:80 - create IPUIPlugin
2024-09-08 08:36:56,989 [INFO] PluginManager:220 - loadIPPluginJar : add opamp
2024-09-08 08:36:57,002 [INFO] IPUIPlugin:80 - create IPUIPlugin
2024-09-08 08:36:57,002 [INFO] PluginManager:220 - loadIPPluginJar : add openamp
2024-09-08 08:36:57,012 [INFO] IPUIPlugin:80 - create IPUIPlugin
2024-09-08 08:36:57,012 [INFO] PluginManager:220 - loadIPPluginJar : add pdm2pcm
2024-09-08 08:36:57,045 [INFO] IPUIPlugin:80 - create IPUIPlugin
2024-09-08 08:36:57,047 [INFO] PluginManager:220 - loadIPPluginJar : add plateformsettings
2024-09-08 08:36:57,056 [INFO] IPUIPlugin:80 - create IPUIPlugin
2024-09-08 08:36:57,057 [INFO] PluginManager:220 - loadIPPluginJar : add quadspi
2024-09-08 08:36:57,065 [INFO] IPUIPlugin:80 - create IPUIPlugin
2024-09-08 08:36:57,065 [INFO] PluginManager:220 - loadIPPluginJar : add radio
2024-09-08 08:36:57,124 [INFO] IPUIPlugin:80 - create IPUIPlugin
2024-09-08 08:36:57,125 [INFO] PluginManager:220 - loadIPPluginJar : add resmgrutility
2024-09-08 08:36:57,135 [INFO] IPUIPlugin:80 - create IPUIPlugin
2024-09-08 08:36:57,135 [INFO] PluginManager:220 - loadIPPluginJar : add sai
2024-09-08 08:36:57,145 [INFO] IPUIPlugin:80 - create IPUIPlugin
2024-09-08 08:36:57,145 [INFO] PluginManager:220 - loadIPPluginJar : add spi
2024-09-08 08:36:57,164 [INFO] IPUIPlugin:80 - create IPUIPlugin
2024-09-08 08:36:57,164 [INFO] PluginManager:220 - loadIPPluginJar : add stm32_wpan
2024-09-08 08:36:57,171 [INFO] IPUIPlugin:80 - create IPUIPlugin
2024-09-08 08:36:57,171 [INFO] PluginManager:220 - loadIPPluginJar : add tim
2024-09-08 08:36:57,184 [INFO] IPUIPlugin:80 - create IPUIPlugin
2024-09-08 08:36:57,185 [INFO] PluginManager:220 - loadIPPluginJar : add touchsensing
2024-09-08 08:36:57,195 [INFO] IPUIPlugin:80 - create IPUIPlugin
2024-09-08 08:36:57,196 [INFO] PluginManager:220 - loadIPPluginJar : add tracer_emb
2024-09-08 08:36:57,203 [INFO] IPUIPlugin:80 - create IPUIPlugin
2024-09-08 08:36:57,203 [INFO] PluginManager:220 - loadIPPluginJar : add ts
2024-09-08 08:36:57,210 [INFO] IPUIPlugin:80 - create IPUIPlugin
2024-09-08 08:36:57,210 [INFO] PluginManager:220 - loadIPPluginJar : add tsc
2024-09-08 08:36:57,217 [INFO] IPUIPlugin:80 - create IPUIPlugin
2024-09-08 08:36:57,217 [INFO] PluginManager:220 - loadIPPluginJar : add ucpd
2024-09-08 08:36:57,228 [INFO] IPUIPlugin:80 - create IPUIPlugin
2024-09-08 08:36:57,229 [INFO] PluginManager:220 - loadIPPluginJar : add usart
2024-09-08 08:36:57,241 [INFO] IPUIPlugin:80 - create IPUIPlugin
2024-09-08 08:36:57,242 [INFO] PluginManager:220 - loadIPPluginJar : add usbx
2024-09-08 08:36:57,457 [INFO] CADModel:165 - CPN selected for project level
2024-09-08 08:36:57,457 [INFO] CADModel:114 - Register for checkConnection events
2024-09-08 08:36:57,458 [FATAL] Updater:334 - Updater called before beeing initialized
2024-09-08 08:36:57,458 [ERROR] CADModel:125 - Updater not yet initialized, retry later 
2024-09-08 08:36:57,748 [INFO] CADModel:165 - CPN selected for project level
2024-09-08 08:36:57,748 [INFO] CADModel:114 - Register for checkConnection events
2024-09-08 08:36:57,748 [FATAL] Updater:334 - Updater called before beeing initialized
2024-09-08 08:36:57,749 [ERROR] CADModel:125 - Updater not yet initialized, retry later 
2024-09-08 08:36:57,754 [FATAL] Updater:334 - Updater called before beeing initialized
2024-09-08 08:36:57,995 [FATAL] Updater:334 - Updater called before beeing initialized
2024-09-08 08:36:58,009 [INFO] DbMcusAds:53 - JSON generation date=Thu May 16 12:22:00 EEST 2024 (1715851320667)
2024-09-08 08:36:58,010 [FATAL] Updater:334 - Updater called before beeing initialized
2024-09-08 08:36:58,165 [WARN] DetailPanel:346 - Failed to get advertising image, set to default
2024-09-08 08:36:58,347 [FATAL] Updater:334 - Updater called before beeing initialized
2024-09-08 08:36:58,350 [FATAL] Updater:334 - Updater called before beeing initialized
2024-09-08 08:36:58,351 [FATAL] Updater:334 - Updater called before beeing initialized
2024-09-08 08:36:58,351 [WARN] DetailPanel:346 - Failed to get advertising image, set to default
2024-09-08 08:36:58,352 [FATAL] Updater:334 - Updater called before beeing initialized
2024-09-08 08:36:58,432 [INFO] ThirdPartyUpdaterWithRetryManager:70 - Updater plugin not ready yet. [2/15]
2024-09-08 08:36:58,546 [ERROR] Updater:1164 - MainUpdater not yet initialized. External WinMGr cannot be set.
2024-09-08 08:36:58,561 [INFO] Updater:1100 - Updater Version found : 6.12.0
2024-09-08 08:36:58,586 [INFO] ApplicationProperties:184 - Using Application install path: D:\Programs\STM32CubeIDE_1.16.0\STM32CubeIDE\plugins\com.st.stm32cube.common.mx_6.12.0.202406281431
2024-09-08 08:36:59,681 [INFO] MainUpdater:2873 - connection check result : 10
2024-09-08 08:36:59,682 [INFO] MainUpdater:290 - Updater Check For Update Now.
2024-09-08 08:36:59,683 [INFO] MicroXplorer:498 - Change Database Version : DB.6.0.120
2024-09-08 08:36:59,719 [INFO] McuFinderGlobals:63 - Set McuFinder mode to 2 (CubeIDE integrated)
2024-09-08 08:36:59,744 [INFO] UserAuth:417 - Internet connection configuration mode: 1
2024-09-08 08:36:59,832 [INFO] JxBrowserEngine:152 - Initiate JxBrowser Engine with user profile folder
2024-09-08 08:37:00,005 [INFO] CheckServerUpdateThread:120 - End of CheckServer Thread
2024-09-08 08:37:00,852 [ERROR] LogOutputStream:75 - [STDERR_REDIRECT] 
